-- Catapult Ultra Synthesis: Report                                              
-- ------------------------- ---------------------------------------------------
-- Version:                  2022.2_1/1019737 Production Release                 
-- Build Date:               Mon Nov 21 20:05:27 PST 2022                        
                                                                                 
-- Generated by:             HLS_student@localhost.localdomain                   
-- Generated date:           Tue Feb 11 14:51:04 CET 2025                        

Solution Settings: top_level.v1
  Current state: extract
  Project: Catapult
  
  Design Input Files Specified
    $PROJECT_HOME/FIR_FILTER.h
      $PROJECT_HOME/FIR_TYPES.h
        $MGC_HOME/shared/include/systemc.h
          $MGC_HOME/shared/include/systemc
            $MGC_HOME/shared/include/sysc/kernel/sc_cmnhdr.h
            $MGC_HOME/shared/include/sysc/kernel/sc_externs.h
            $MGC_HOME/shared/include/sysc/kernel/sc_except.h
              $MGC_HOME/shared/include/sysc/kernel/sc_cmnhdr.h
            $MGC_HOME/shared/include/sysc/kernel/sc_module.h
              $MGC_HOME/shared/include/sysc/kernel/sc_kernel_ids.h
                $MGC_HOME/shared/include/sysc/utils/sc_report.h
                  $MGC_HOME/shared/include/sysc/kernel/sc_cmnhdr.h
                  $MGC_HOME/shared/include/sysc/utils/sc_report_handler.h
              $MGC_HOME/shared/include/sysc/kernel/sc_process.h
                $MGC_HOME/shared/include/sysc/kernel/sc_constants.h
                $MGC_HOME/shared/include/sysc/kernel/sc_object.h
                  $MGC_HOME/shared/include/sysc/kernel/sc_attribute.h
                    $MGC_HOME/shared/include/sysc/kernel/sc_cmnhdr.h
                $MGC_HOME/shared/include/sysc/communication/sc_export.h
                  $MGC_HOME/shared/include/sysc/communication/sc_communication_ids.h
                  $MGC_HOME/shared/include/sysc/communication/sc_interface.h
                    $MGC_HOME/shared/include/sysc/kernel/sc_cmnhdr.h
                  $MGC_HOME/shared/include/sysc/utils/sc_typeindex.h
                    $MGC_HOME/shared/include/sysc/kernel/sc_cmnhdr.h
              $MGC_HOME/shared/include/sysc/kernel/sc_module_name.h
              $MGC_HOME/shared/include/sysc/kernel/sc_sensitive.h
              $MGC_HOME/shared/include/sysc/kernel/sc_time.h
                $MGC_HOME/shared/include/sysc/datatypes/int/sc_nbdefs.h
                  $MGC_HOME/shared/include/sysc/kernel/sc_cmnhdr.h
                $MGC_HOME/shared/include/sysc/datatypes/fx/scfx_ieee.h
                  $MGC_HOME/shared/include/sysc/datatypes/fx/sc_fxdefs.h
                    $MGC_HOME/shared/include/sysc/kernel/sc_cmnhdr.h
                    $MGC_HOME/shared/include/sysc/utils/sc_machine.h
                      $MGC_HOME/shared/include/sysc/packages/boost/detail/endian.hpp
                    $MGC_HOME/shared/include/sysc/datatypes/fx/sc_fx_ids.h
                    $MGC_HOME/shared/include/sysc/datatypes/int/sc_nbutils.h
                      $MGC_HOME/shared/include/sysc/datatypes/bit/sc_bit_ids.h
                      $MGC_HOME/shared/include/sysc/datatypes/int/sc_int_ids.h
              $MGC_HOME/shared/include/sysc/kernel/sc_wait.h
                $MGC_HOME/shared/include/sysc/kernel/sc_simcontext.h
                  $MGC_HOME/shared/include/sysc/kernel/sc_cmnhdr.h
                  $MGC_HOME/shared/include/sysc/kernel/sc_status.h
                    $MGC_HOME/shared/include/sysc/kernel/sc_cmnhdr.h
                  $MGC_HOME/shared/include/sysc/utils/sc_hash.h
                    $MGC_HOME/shared/include/sysc/kernel/sc_simcontext.h
                  $MGC_HOME/shared/include/sysc/utils/sc_pq.h
                    $MGC_HOME/shared/include/sysc/kernel/sc_cmnhdr.h
              $MGC_HOME/shared/include/sysc/kernel/sc_wait_cthread.h
                $MGC_HOME/shared/include/sysc/datatypes/bit/sc_logic.h
                  $MGC_HOME/shared/include/sysc/kernel/sc_cmnhdr.h
                  $MGC_HOME/shared/include/sysc/kernel/sc_macros.h
                    $MGC_HOME/shared/include/sysc/kernel/sc_cmnhdr.h
                  $MGC_HOME/shared/include/sysc/utils/sc_mempool.h
                  $MGC_HOME/shared/include/sysc/datatypes/bit/sc_bit.h
              $MGC_HOME/shared/include/sysc/kernel/sc_process_handle.h
                $MGC_HOME/shared/include/sysc/kernel/sc_module.h
              $MGC_HOME/shared/include/sysc/utils/sc_list.h
                $MGC_HOME/shared/include/sysc/kernel/sc_cmnhdr.h
            $MGC_HOME/shared/include/sysc/kernel/sc_ver.h
              $MGC_HOME/shared/include/sysc/kernel/sc_cmnhdr.h
              $MGC_HOME/shared/include/sysc/communication/sc_writer_policy.h
            $MGC_HOME/shared/include/sysc/communication/sc_buffer.h
              $MGC_HOME/shared/include/sysc/communication/sc_signal.h
                $MGC_HOME/shared/include/sysc/communication/sc_port.h
                  $MGC_HOME/shared/include/sysc/kernel/sc_event.h
                    $MGC_HOME/shared/include/sysc/kernel/sc_cmnhdr.h
                $MGC_HOME/shared/include/sysc/communication/sc_prim_channel.h
                $MGC_HOME/shared/include/sysc/communication/sc_signal_ifs.h
                $MGC_HOME/shared/include/sysc/tracing/sc_trace.h
            $MGC_HOME/shared/include/sysc/communication/sc_clock.h
            $MGC_HOME/shared/include/sysc/communication/sc_clock_ports.h
              $MGC_HOME/shared/include/sysc/communication/sc_signal_ports.h
                $MGC_HOME/shared/include/sysc/communication/sc_event_finder.h
            $MGC_HOME/shared/include/sysc/communication/sc_event_queue.h
            $MGC_HOME/shared/include/sysc/communication/sc_fifo.h
              $MGC_HOME/shared/include/sysc/communication/sc_fifo_ifs.h
            $MGC_HOME/shared/include/sysc/communication/sc_fifo_ports.h
            $MGC_HOME/shared/include/sysc/communication/sc_mutex.h
              $MGC_HOME/shared/include/sysc/communication/sc_mutex_if.h
            $MGC_HOME/shared/include/sysc/communication/sc_semaphore.h
              $MGC_HOME/shared/include/sysc/communication/sc_semaphore_if.h
            $MGC_HOME/shared/include/sysc/communication/sc_signal_resolved.h
            $MGC_HOME/shared/include/sysc/communication/sc_signal_resolved_ports.h
            $MGC_HOME/shared/include/sysc/communication/sc_signal_rv.h
              $MGC_HOME/shared/include/sysc/datatypes/bit/sc_lv.h
                $MGC_HOME/shared/include/sysc/datatypes/bit/sc_lv_base.h
                  $MGC_HOME/shared/include/sysc/datatypes/bit/sc_bv_base.h
                    $MGC_HOME/shared/include/sysc/datatypes/bit/sc_bit_proxies.h
                      $MGC_HOME/shared/include/sysc/datatypes/bit/sc_proxy.h
                        $MGC_HOME/shared/include/sysc/kernel/sc_cmnhdr.h
                        $MGC_HOME/shared/include/sysc/datatypes/int/sc_signed.h
                          $MGC_HOME/shared/include/sysc/datatypes/misc/sc_value_base.h
                          $MGC_HOME/shared/include/sysc/utils/sc_temporary.h
                            $MGC_HOME/shared/include/sysc/kernel/sc_cmnhdr.h
                          $MGC_HOME/shared/include/sysc/datatypes/int/sc_length_param.h
                            $MGC_HOME/shared/include/sysc/datatypes/fx/sc_context.h
                              $MGC_HOME/shared/include/sysc/kernel/sc_cmnhdr.h
                          $MGC_HOME/shared/include/sysc/datatypes/int/sc_nbexterns.h
                          $MGC_HOME/shared/include/sysc/datatypes/int/sc_unsigned.h
                        $MGC_HOME/shared/include/sysc/datatypes/int/sc_int_base.h
                          $MGC_HOME/shared/include/sysc/kernel/sc_cmnhdr.h
                          $MGC_HOME/shared/include/sysc/datatypes/int/sc_uint_base.h
            $MGC_HOME/shared/include/sysc/communication/sc_signal_rv_ports.h
            $MGC_HOME/shared/include/sysc/datatypes/bit/sc_bv.h
            $MGC_HOME/shared/include/sysc/datatypes/int/sc_bigint.h
            $MGC_HOME/shared/include/sysc/datatypes/int/sc_biguint.h
            $MGC_HOME/shared/include/sysc/datatypes/int/sc_int.h
            $MGC_HOME/shared/include/sysc/datatypes/int/sc_uint.h
            $MGC_HOME/shared/include/sysc/datatypes/misc/sc_concatref.h
            $MGC_HOME/shared/include/sysc/utils/sc_utils_ids.h
            $MGC_HOME/shared/include/sysc/utils/sc_pvector.h
            $MGC_HOME/shared/include/sysc/utils/sc_string_view.h
              $MGC_HOME/shared/include/sysc/kernel/sc_cmnhdr.h
            $MGC_HOME/shared/include/sysc/utils/sc_vector.h
        $MGC_HOME/shared/include/ac_sc.h
          $MGC_HOME/shared/include/ac_complex.h
            $MGC_HOME/shared/include/ac_float.h
              $MGC_HOME/shared/include/ac_fixed.h
                $MGC_HOME/shared/include/ac_int.h
        $MGC_HOME/shared/include/ccs_p2p.h
          $MGC_HOME/shared/include/ccs_p2p/ccs_p2p_wire.h
            $MGC_HOME/shared/include/ccs_types.h
              $MGC_HOME/shared/include/tlm.h
                $MGC_HOME/shared/include/tlm
                  $MGC_HOME/shared/include/systemc
                  $MGC_HOME/shared/include/tlm_core/tlm_2/tlm_version.h
                  $MGC_HOME/shared/include/tlm_core/tlm_1/tlm_analysis/tlm_analysis.h
                    $MGC_HOME/shared/include/tlm_core/tlm_1/tlm_analysis/tlm_write_if.h
                      $MGC_HOME/shared/include/systemc
                    $MGC_HOME/shared/include/tlm_core/tlm_1/tlm_analysis/tlm_analysis_if.h
                    $MGC_HOME/shared/include/tlm_core/tlm_1/tlm_analysis/tlm_analysis_triple.h
                    $MGC_HOME/shared/include/tlm_core/tlm_1/tlm_analysis/tlm_analysis_port.h
                    $MGC_HOME/shared/include/tlm_core/tlm_1/tlm_analysis/tlm_analysis_fifo.h
                      $MGC_HOME/shared/include/tlm_core/tlm_1/tlm_req_rsp/tlm_channels/tlm_fifo/tlm_fifo.h
                        $MGC_HOME/shared/include/tlm_core/tlm_1/tlm_req_rsp/tlm_1_interfaces/tlm_fifo_ifs.h
                          $MGC_HOME/shared/include/tlm_core/tlm_1/tlm_req_rsp/tlm_1_interfaces/tlm_core_ifs.h
                            $MGC_HOME/shared/include/tlm_core/tlm_1/tlm_req_rsp/tlm_1_interfaces/tlm_tag.h
                        $MGC_HOME/shared/include/tlm_core/tlm_1/tlm_req_rsp/tlm_channels/tlm_fifo/circular_buffer.h
                        $MGC_HOME/shared/include/tlm_core/tlm_1/tlm_req_rsp/tlm_channels/tlm_fifo/tlm_fifo_put_get.h
                        $MGC_HOME/shared/include/tlm_core/tlm_1/tlm_req_rsp/tlm_channels/tlm_fifo/tlm_fifo_peek.h
                        $MGC_HOME/shared/include/tlm_core/tlm_1/tlm_req_rsp/tlm_channels/tlm_fifo/tlm_fifo_resize.h
                  $MGC_HOME/shared/include/tlm_core/tlm_1/tlm_req_rsp/tlm_req_rsp.h
                    $MGC_HOME/shared/include/tlm_core/tlm_1/tlm_req_rsp/tlm_1_interfaces/tlm_master_slave_ifs.h
                    $MGC_HOME/shared/include/tlm_core/tlm_1/tlm_req_rsp/tlm_channels/tlm_req_rsp_channels/tlm_req_rsp_channels.h
                      $MGC_HOME/shared/include/tlm_core/tlm_1/tlm_req_rsp/tlm_adapters/tlm_adapters.h
                      $MGC_HOME/shared/include/tlm_core/tlm_1/tlm_req_rsp/tlm_channels/tlm_req_rsp_channels/tlm_put_get_imp.h
                    $MGC_HOME/shared/include/tlm_core/tlm_1/tlm_req_rsp/tlm_ports/tlm_nonblocking_port.h
                      $MGC_HOME/shared/include/tlm_core/tlm_1/tlm_req_rsp/tlm_ports/tlm_event_finder.h
                  $MGC_HOME/shared/include/tlm_core/tlm_2/tlm_2_interfaces/tlm_2_interfaces.h
                    $MGC_HOME/shared/include/tlm_core/tlm_2/tlm_2_interfaces/tlm_dmi.h
                      $MGC_HOME/shared/include/systemc
                    $MGC_HOME/shared/include/tlm_core/tlm_2/tlm_2_interfaces/tlm_fw_bw_ifs.h
                      $MGC_HOME/shared/include/systemc
                      $MGC_HOME/shared/include/tlm_core/tlm_2/tlm_generic_payload/tlm_generic_payload.h
                        $MGC_HOME/shared/include/tlm_core/tlm_2/tlm_generic_payload/tlm_helpers.h
                        $MGC_HOME/shared/include/tlm_core/tlm_2/tlm_generic_payload/tlm_phase.h
                          $MGC_HOME/shared/include/sysc/kernel/sc_cmnhdr.h
                        $MGC_HOME/shared/include/tlm_core/tlm_2/tlm_generic_payload/tlm_gp.h
                          $MGC_HOME/shared/include/sysc/kernel/sc_cmnhdr.h
                          $MGC_HOME/shared/include/tlm_core/tlm_2/tlm_generic_payload/tlm_array.h
                        $MGC_HOME/shared/include/tlm_core/tlm_2/tlm_generic_payload/tlm_endian_conv.h
                  $MGC_HOME/shared/include/tlm_core/tlm_2/tlm_sockets/tlm_sockets.h
                    $MGC_HOME/shared/include/tlm_core/tlm_2/tlm_sockets/tlm_initiator_socket.h
                      $MGC_HOME/shared/include/tlm_core/tlm_2/tlm_sockets/tlm_base_socket_if.h
                    $MGC_HOME/shared/include/tlm_core/tlm_2/tlm_sockets/tlm_target_socket.h
                  $MGC_HOME/shared/include/tlm_core/tlm_2/tlm_quantum/tlm_quantum.h
                    $MGC_HOME/shared/include/tlm_core/tlm_2/tlm_quantum/tlm_global_quantum.h
              $MGC_HOME/shared/include/mc_typeconv.h
                $MGC_HOME/shared/include/mc_container_types.h
          $MGC_HOME/shared/include/ccs_p2p/ccs_p2p_valid.h
          $MGC_HOME/shared/include/ccs_p2p/ccs_p2p_fifo.h
          $MGC_HOME/shared/include/ccs_p2p/ccs_p2p_sync.h
          $MGC_HOME/shared/include/ccs_p2p/ccs_p2p_event.h
    $PROJECT_HOME/sc_main.cpp
  
  Processes/Blocks in Design
    Process               Real Operation(s) count Latency Throughput Reset Length II Comments 
    --------------------- ----------------------- ------- ---------- ------------ -- --------
    /top_level/FIR_FILTER                      65       3          1            0  0          
    Design Total:                              65       3          1            0  1          
    
  Bill Of Materials (Datapath)
    Component Name                  Area Score Area(DSP) Area(LUTs) Area(MUX_CARRYs) Delay Post Alloc Post Assign 
    ------------------------------- ---------- --------- ---------- ---------------- ----- ---------- -----------
    [Lib: mgc_Xilinx-ARTIX-7-3_beh]                                                                               
    mgc_add(29,1,1,0,30)                29.000     0.000     29.000           28.000 1.820          1           1 
    mgc_add(48,1,48,1,49)               48.000     0.000     48.000           47.000 2.295          8           8 
    mgc_add(49,1,49,1,50)               49.000     0.000     49.000           48.000 2.320          4           4 
    mgc_add(50,1,50,1,51)               50.000     0.000     50.000           49.000 2.345          2           2 
    mgc_add(51,1,51,1,52)               51.000     0.000     51.000           50.000 2.370          1           1 
    mgc_and(1,2)                         1.000     0.000      1.000            0.000 0.600          0           6 
    mgc_and(1,3)                         1.000     0.000      1.000            0.000 0.600          0           1 
    mgc_mul(24,1,24,1,48)             1200.000     2.000      0.000            0.000 5.977         16          16 
    mgc_mux(24,1,2)                     24.000     0.000     24.000            0.000 0.130         15           0 
    mgc_nand(1,2)                        1.000     0.000      1.000            0.000 0.600          0           1 
    mgc_nand(1,6)                        1.000     0.000      1.000            0.000 0.600          0           1 
    mgc_nor(1,2)                         1.000     0.000      1.000            0.000 0.600          0           3 
    mgc_nor(1,6)                         1.000     0.000      1.000            0.000 0.600          0           1 
    mgc_nor(22,2)                       22.000     0.000     22.000            0.000 0.600          2           2 
    mgc_not(1)                           0.000     0.000      0.000            0.000 0.000          0          25 
    mgc_or(1,2)                          1.000     0.000      1.000            0.000 0.600          0           3 
    mgc_or(1,23)                         5.000     0.000      5.000            0.000 1.600          0           1 
    mgc_reg_pos(1,0,0,0,0,1,1)           0.000     0.000      0.000            0.000 0.470          0           2 
    mgc_reg_pos(1,0,0,1,1,0,0)           0.000     0.000      0.000            0.000 0.470          0           7 
    mgc_reg_pos(1,0,0,1,1,1,1)           0.000     0.000      0.000            0.000 0.470          0           1 
    mgc_reg_pos(22,0,0,0,0,1,1)          0.000     0.000      0.000            0.000 0.470          0           1 
    mgc_reg_pos(24,0,0,1,1,1,1)          0.000     0.000      0.000            0.000 0.470          0          15 
    mgc_reg_pos(48,0,0,0,0,0,0)          0.000     0.000      0.000            0.000 0.470          0          16 
    mgc_reg_pos(51,0,0,0,0,0,0)          0.000     0.000      0.000            0.000 0.470          0           2 
                                                                                                                  
    TOTAL AREA (After Assignment):   20025.000    32.000    825.000          744.000                              
    
  Area Scores
                       Post-Scheduling    Post-DP & FSM  Post-Assignment 
    ----------------- ---------------- ---------------- ----------------
    Total Area Score:   20364.0          20619.1          20025.0        
    Total Reg:              0.0              0.0              0.0        
                                                                         
    DataPath:           20364.0 (100%)   20619.1 (100%)   20025.0 (100%) 
      MUX:                360.0   (2%)     592.1   (3%)       0.0        
      FUNC:             19960.0  (98%)   19960.0  (97%)   19960.0 (100%) 
      LOGIC:               44.0   (0%)      67.0   (0%)      65.0   (0%) 
      BUFFER:               0.0              0.0              0.0        
      MEM:                  0.0              0.0              0.0        
      ROM:                  0.0              0.0              0.0        
      REG:                  0.0              0.0              0.0        
                                                                         
    
    FSM:                    0.0              0.0              0.0        
      FSM-REG:              0.0              0.0              0.0        
      FSM-COMB:             0.0              0.0              0.0        
                                                                         
    
  Register-to-Variable Mappings
    Register                             Size(bits) Gated Register CG Opt Done Variables                                             
    ------------------------------------ ---------- -------------- ----------- -----------------------------------------------------
    MAC:acc#18.itm.1                             51                            MAC:acc#18.itm.1                                      
    MAC:acc.itm.1                                51                            MAC:acc.itm.1                                         
    MAC-10:mul.itm.1                             48                            MAC-10:mul.itm.1                                      
    MAC-11:mul.itm.1                             48                            MAC-11:mul.itm.1                                      
    MAC-12:mul.itm.1                             48                            MAC-12:mul.itm.1                                      
    MAC-13:mul.itm.1                             48                            MAC-13:mul.itm.1                                      
    MAC-14:mul.itm.1                             48                            MAC-14:mul.itm.1                                      
    MAC-15:mul.itm.1                             48                            MAC-15:mul.itm.1                                      
    MAC-16:mul.itm.1                             48                            MAC-16:mul.itm.1                                      
    MAC-1:mul.itm.1                              48                            MAC-1:mul.itm.1                                       
    MAC-2:mul.itm.1                              48                            MAC-2:mul.itm.1                                       
    MAC-3:mul.itm.1                              48                            MAC-3:mul.itm.1                                       
    MAC-4:mul.itm.1                              48                            MAC-4:mul.itm.1                                       
    MAC-5:mul.itm.1                              48                            MAC-5:mul.itm.1                                       
    MAC-6:mul.itm.1                              48                            MAC-6:mul.itm.1                                       
    MAC-7:mul.itm.1                              48                            MAC-7:mul.itm.1                                       
    MAC-8:mul.itm.1                              48                            MAC-8:mul.itm.1                                       
    MAC-9:mul.itm.1                              48                            MAC-9:mul.itm.1                                       
    taps(0).sva                                  24         Y           Y      taps(0).sva                                           
    taps(1).sva                                  24         Y           Y      taps(1).sva                                           
    taps(10).sva                                 24         Y           Y      taps(10).sva                                          
    taps(11).sva                                 24         Y           Y      taps(11).sva                                          
    taps(12).sva                                 24         Y           Y      taps(12).sva                                          
    taps(13).sva                                 24         Y           Y      taps(13).sva                                          
    taps(14).sva                                 24         Y           Y      taps(14).sva                                          
    taps(2).sva                                  24         Y           Y      taps(2).sva                                           
    taps(3).sva                                  24         Y           Y      taps(3).sva                                           
    taps(4).sva                                  24         Y           Y      taps(4).sva                                           
    taps(5).sva                                  24         Y           Y      taps(5).sva                                           
    taps(6).sva                                  24         Y           Y      taps(6).sva                                           
    taps(7).sva                                  24         Y           Y      taps(7).sva                                           
    taps(8).sva                                  24         Y           Y      taps(8).sva                                           
    taps(9).sva                                  24         Y           Y      taps(9).sva                                           
    while:if:while:if:nor#3                      22         Y           Y      while:if:while:if:nor#3                               
    new_sample__wr.sva                            1                            new_sample__wr.sva                                    
    reg(while:else:land.lpi#1.dfm).cse            1                            reg(while:else:land.lpi#1.dfm).cse                    
    valid_out                                     1         Y           Y      valid_out                                             
    while.stage_0.2                               1                            while.stage_0.2                                       
    while.stage_0.3                               1                            while.stage_0.3                                       
    while:else:land.lpi#1.dfm.st.2                1                            while:else:land.lpi#1.dfm.st.2                        
    while:if:slc(while:if:acc.sat)(29)#3          1         Y           Y      while:if:slc(while:if:acc.sat)(29)#3                  
    while:if:while:if:nor#4                       1         Y           Y      while:if:while:if:nor#4                               
    while:land.lpi#1.dfm.st.1                     1                            while:land.lpi#1.dfm.st.1                             
    while:land.lpi#1.dfm.st.2                     1                            while:land.lpi#1.dfm.st.2                             
                                                                                                                                     
    Total:                                     1262            385         385 (Total Gating Ratio: 0.31, CG Opt Gating Ratio: 0.31) 
    
  Timing Report
    Critical Path
      Max Delay:  8.260002
      Slack:      1.739998
      
      Path                                                                Startpoint                                 Endpoint                                          Delay  Slack  
      ------------------------------------------------------------------- ------------------------------------------ ------------------------------------------------- ------ ------
      1                                                                   top_level:FIR_FILTER/reg(MAC:acc#18.itm.1) top_level:FIR_FILTER/reg(while:if:while:if:nor#3) 8.2600 1.7400 
                                                                                                                                                                                     
        Instance                                                          Component                                                                                    Delta  Delay  
        --------                                                          ---------                                                                                    -----  -----  
        top_level:FIR_FILTER/reg(MAC:acc#18.itm.1)                        mgc_reg_pos_51_0_0_0_0_0_0                                                                   0.4700 0.4700 
        top_level:FIR_FILTER/MAC:acc#18.itm.1                                                                                                                          0.0000 0.4700 
        top_level:FIR_FILTER/MAC-16:acc#1                                 mgc_addc_51_1_51_1_52                                                                        2.3700 2.8400 
        top_level:FIR_FILTER/acc.sva#1                                                                                                                                 0.0000 2.8400 
        top_level:FIR_FILTER/acc:static_init:slc(acc.sva#1)(51)                                                                                                        0.0000 2.8400 
        top_level:FIR_FILTER/acc:static_init:slc(acc.sva#1)(51).itm                                                                                                    0.0000 2.8400 
        top_level:FIR_FILTER/while:if:not                                 mgc_not_1                                                                                    0.0000 2.8400 
        top_level:FIR_FILTER/while:if:not.itm                                                                                                                          0.0000 2.8400 
        top_level:FIR_FILTER/while:if:or                                  mgc_or_1_23                                                                                  1.2000 4.0400 
        top_level:FIR_FILTER/while:if:or.itm                                                                                                                           0.0000 4.0400 
        top_level:FIR_FILTER/while:if:and                                 mgc_and_1_2                                                                                  0.6000 4.6400 
        top_level:FIR_FILTER/while:if:and.itm                                                                                                                          0.0000 4.6400 
        top_level:FIR_FILTER/while:if:acc                                 mgc_addc_29_1_1_0_30                                                                         1.8200 6.4600 
        top_level:FIR_FILTER/while:if:acc.sat.sva#1                                                                                                                    0.0000 6.4600 
        top_level:FIR_FILTER/while:if:slc(while:if:acc.sat.sva#1)(23)                                                                                                  0.0000 6.4600 
        top_level:FIR_FILTER/while:if:slc(while:if:acc.sat.sva#1)(23).itm                                                                                              0.0000 6.4600 
        top_level:FIR_FILTER/while:if:nor#1                               mgc_nor_1_6                                                                                  0.6000 7.0600 
        top_level:FIR_FILTER/while:if:nor#1.itm                                                                                                                        0.0000 7.0600 
        top_level:FIR_FILTER/while:if:nor                                 mgc_nor_1_2                                                                                  0.6000 7.6600 
        top_level:FIR_FILTER/while:if:nor.ovfl.sva#1                                                                                                                   0.0000 7.6600 
        top_level:FIR_FILTER/while:if:exs                                                                                                                              0.0000 7.6600 
        top_level:FIR_FILTER/while:if:exs.itm                                                                                                                          0.0000 7.6600 
        top_level:FIR_FILTER/while:if:nor#3                               mgc_nor_22_2                                                                                 0.0000 7.6600 
        top_level:FIR_FILTER/while:if:nor#3.itm                                                                                                                        0.0000 7.6600 
        top_level:FIR_FILTER/while:if:while:if:nor#1                      mgc_nor_22_2                                                                                 0.6000 8.2600 
        top_level:FIR_FILTER/while:if:while:if:nor#1.itm                                                                                                               0.0000 8.2600 
        top_level:FIR_FILTER/reg(while:if:while:if:nor#3)                 mgc_reg_pos_22_0_0_0_0_1_1                                                                   0.0000 8.2600 
                                                                                                                                                                                     
      2                                                                   top_level:FIR_FILTER/reg(MAC:acc#18.itm.1) top_level:FIR_FILTER/reg(while:if:while:if:nor#4) 8.2600 1.7400 
                                                                                                                                                                                     
        Instance                                                          Component                                                                                    Delta  Delay  
        --------                                                          ---------                                                                                    -----  -----  
        top_level:FIR_FILTER/reg(MAC:acc#18.itm.1)                        mgc_reg_pos_51_0_0_0_0_0_0                                                                   0.4700 0.4700 
        top_level:FIR_FILTER/MAC:acc#18.itm.1                                                                                                                          0.0000 0.4700 
        top_level:FIR_FILTER/MAC-16:acc#1                                 mgc_addc_51_1_51_1_52                                                                        2.3700 2.8400 
        top_level:FIR_FILTER/acc.sva#1                                                                                                                                 0.0000 2.8400 
        top_level:FIR_FILTER/acc:static_init:slc(acc.sva#1)(51)                                                                                                        0.0000 2.8400 
        top_level:FIR_FILTER/acc:static_init:slc(acc.sva#1)(51).itm                                                                                                    0.0000 2.8400 
        top_level:FIR_FILTER/while:if:not                                 mgc_not_1                                                                                    0.0000 2.8400 
        top_level:FIR_FILTER/while:if:not.itm                                                                                                                          0.0000 2.8400 
        top_level:FIR_FILTER/while:if:or                                  mgc_or_1_23                                                                                  1.2000 4.0400 
        top_level:FIR_FILTER/while:if:or.itm                                                                                                                           0.0000 4.0400 
        top_level:FIR_FILTER/while:if:and                                 mgc_and_1_2                                                                                  0.6000 4.6400 
        top_level:FIR_FILTER/while:if:and.itm                                                                                                                          0.0000 4.6400 
        top_level:FIR_FILTER/while:if:acc                                 mgc_addc_29_1_1_0_30                                                                         1.8200 6.4600 
        top_level:FIR_FILTER/while:if:acc.sat.sva#1                                                                                                                    0.0000 6.4600 
        top_level:FIR_FILTER/while:if:slc(while:if:acc.sat.sva#1)(23)                                                                                                  0.0000 6.4600 
        top_level:FIR_FILTER/while:if:slc(while:if:acc.sat.sva#1)(23).itm                                                                                              0.0000 6.4600 
        top_level:FIR_FILTER/while:if:nor#1                               mgc_nor_1_6                                                                                  0.6000 7.0600 
        top_level:FIR_FILTER/while:if:nor#1.itm                                                                                                                        0.0000 7.0600 
        top_level:FIR_FILTER/while:if:nor                                 mgc_nor_1_2                                                                                  0.6000 7.6600 
        top_level:FIR_FILTER/while:if:nor.ovfl.sva#1                                                                                                                   0.0000 7.6600 
        top_level:FIR_FILTER/while:if:nor#4                               mgc_nor_1_2                                                                                  0.0000 7.6600 
        top_level:FIR_FILTER/while:if:nor#4.itm                                                                                                                        0.0000 7.6600 
        top_level:FIR_FILTER/while:if:while:if:nor#2                      mgc_nor_1_2                                                                                  0.6000 8.2600 
        top_level:FIR_FILTER/while:if:while:if:nor#2.itm                                                                                                               0.0000 8.2600 
        top_level:FIR_FILTER/reg(while:if:while:if:nor#4)                 mgc_reg_pos_1_0_0_0_0_1_1                                                                    0.0000 8.2600 
                                                                                                                                                                                     
      3                                                                   top_level:FIR_FILTER/reg(MAC:acc.itm.1)    top_level:FIR_FILTER/reg(while:if:while:if:nor#4) 8.2600 1.7400 
                                                                                                                                                                                     
        Instance                                                          Component                                                                                    Delta  Delay  
        --------                                                          ---------                                                                                    -----  -----  
        top_level:FIR_FILTER/reg(MAC:acc.itm.1)                           mgc_reg_pos_51_0_0_0_0_0_0                                                                   0.4700 0.4700 
        top_level:FIR_FILTER/MAC:acc.itm.1                                                                                                                             0.0000 0.4700 
        top_level:FIR_FILTER/MAC-16:acc#1                                 mgc_addc_51_1_51_1_52                                                                        2.3700 2.8400 
        top_level:FIR_FILTER/acc.sva#1                                                                                                                                 0.0000 2.8400 
        top_level:FIR_FILTER/acc:static_init:slc(acc.sva#1)(51)                                                                                                        0.0000 2.8400 
        top_level:FIR_FILTER/acc:static_init:slc(acc.sva#1)(51).itm                                                                                                    0.0000 2.8400 
        top_level:FIR_FILTER/while:if:not                                 mgc_not_1                                                                                    0.0000 2.8400 
        top_level:FIR_FILTER/while:if:not.itm                                                                                                                          0.0000 2.8400 
        top_level:FIR_FILTER/while:if:or                                  mgc_or_1_23                                                                                  1.2000 4.0400 
        top_level:FIR_FILTER/while:if:or.itm                                                                                                                           0.0000 4.0400 
        top_level:FIR_FILTER/while:if:and                                 mgc_and_1_2                                                                                  0.6000 4.6400 
        top_level:FIR_FILTER/while:if:and.itm                                                                                                                          0.0000 4.6400 
        top_level:FIR_FILTER/while:if:acc                                 mgc_addc_29_1_1_0_30                                                                         1.8200 6.4600 
        top_level:FIR_FILTER/while:if:acc.sat.sva#1                                                                                                                    0.0000 6.4600 
        top_level:FIR_FILTER/while:if:slc(while:if:acc.sat.sva#1)(23)                                                                                                  0.0000 6.4600 
        top_level:FIR_FILTER/while:if:slc(while:if:acc.sat.sva#1)(23).itm                                                                                              0.0000 6.4600 
        top_level:FIR_FILTER/while:if:nor#1                               mgc_nor_1_6                                                                                  0.6000 7.0600 
        top_level:FIR_FILTER/while:if:nor#1.itm                                                                                                                        0.0000 7.0600 
        top_level:FIR_FILTER/while:if:nor                                 mgc_nor_1_2                                                                                  0.6000 7.6600 
        top_level:FIR_FILTER/while:if:nor.ovfl.sva#1                                                                                                                   0.0000 7.6600 
        top_level:FIR_FILTER/while:if:nor#4                               mgc_nor_1_2                                                                                  0.0000 7.6600 
        top_level:FIR_FILTER/while:if:nor#4.itm                                                                                                                        0.0000 7.6600 
        top_level:FIR_FILTER/while:if:while:if:nor#2                      mgc_nor_1_2                                                                                  0.6000 8.2600 
        top_level:FIR_FILTER/while:if:while:if:nor#2.itm                                                                                                               0.0000 8.2600 
        top_level:FIR_FILTER/reg(while:if:while:if:nor#4)                 mgc_reg_pos_1_0_0_0_0_1_1                                                                    0.0000 8.2600 
                                                                                                                                                                                     
      4                                                                   top_level:FIR_FILTER/reg(MAC:acc#18.itm.1) top_level:FIR_FILTER/reg(while:if:while:if:nor#4) 8.2600 1.7400 
                                                                                                                                                                                     
        Instance                                                          Component                                                                                    Delta  Delay  
        --------                                                          ---------                                                                                    -----  -----  
        top_level:FIR_FILTER/reg(MAC:acc#18.itm.1)                        mgc_reg_pos_51_0_0_0_0_0_0                                                                   0.4700 0.4700 
        top_level:FIR_FILTER/MAC:acc#18.itm.1                                                                                                                          0.0000 0.4700 
        top_level:FIR_FILTER/MAC-16:acc#1                                 mgc_addc_51_1_51_1_52                                                                        2.3700 2.8400 
        top_level:FIR_FILTER/acc.sva#1                                                                                                                                 0.0000 2.8400 
        top_level:FIR_FILTER/acc:static_init:slc(acc.sva#1)(51)                                                                                                        0.0000 2.8400 
        top_level:FIR_FILTER/acc:static_init:slc(acc.sva#1)(51).itm                                                                                                    0.0000 2.8400 
        top_level:FIR_FILTER/while:if:not                                 mgc_not_1                                                                                    0.0000 2.8400 
        top_level:FIR_FILTER/while:if:not.itm                                                                                                                          0.0000 2.8400 
        top_level:FIR_FILTER/while:if:or                                  mgc_or_1_23                                                                                  1.2000 4.0400 
        top_level:FIR_FILTER/while:if:or.itm                                                                                                                           0.0000 4.0400 
        top_level:FIR_FILTER/while:if:and                                 mgc_and_1_2                                                                                  0.6000 4.6400 
        top_level:FIR_FILTER/while:if:and.itm                                                                                                                          0.0000 4.6400 
        top_level:FIR_FILTER/while:if:acc                                 mgc_addc_29_1_1_0_30                                                                         1.8200 6.4600 
        top_level:FIR_FILTER/while:if:acc.sat.sva#1                                                                                                                    0.0000 6.4600 
        top_level:FIR_FILTER/while:if:slc(while:if:acc.sat.sva#1)(27)                                                                                                  0.0000 6.4600 
        top_level:FIR_FILTER/while:if:slc(while:if:acc.sat.sva#1)(27).itm                                                                                              0.0000 6.4600 
        top_level:FIR_FILTER/while:if:nor#1                               mgc_nor_1_6                                                                                  0.6000 7.0600 
        top_level:FIR_FILTER/while:if:nor#1.itm                                                                                                                        0.0000 7.0600 
        top_level:FIR_FILTER/while:if:nor                                 mgc_nor_1_2                                                                                  0.6000 7.6600 
        top_level:FIR_FILTER/while:if:nor.ovfl.sva#1                                                                                                                   0.0000 7.6600 
        top_level:FIR_FILTER/while:if:nor#4                               mgc_nor_1_2                                                                                  0.0000 7.6600 
        top_level:FIR_FILTER/while:if:nor#4.itm                                                                                                                        0.0000 7.6600 
        top_level:FIR_FILTER/while:if:while:if:nor#2                      mgc_nor_1_2                                                                                  0.6000 8.2600 
        top_level:FIR_FILTER/while:if:while:if:nor#2.itm                                                                                                               0.0000 8.2600 
        top_level:FIR_FILTER/reg(while:if:while:if:nor#4)                 mgc_reg_pos_1_0_0_0_0_1_1                                                                    0.0000 8.2600 
                                                                                                                                                                                     
      5                                                                   top_level:FIR_FILTER/reg(MAC:acc#18.itm.1) top_level:FIR_FILTER/reg(while:if:while:if:nor#4) 8.2600 1.7400 
                                                                                                                                                                                     
        Instance                                                          Component                                                                                    Delta  Delay  
        --------                                                          ---------                                                                                    -----  -----  
        top_level:FIR_FILTER/reg(MAC:acc#18.itm.1)                        mgc_reg_pos_51_0_0_0_0_0_0                                                                   0.4700 0.4700 
        top_level:FIR_FILTER/MAC:acc#18.itm.1                                                                                                                          0.0000 0.4700 
        top_level:FIR_FILTER/MAC-16:acc#1                                 mgc_addc_51_1_51_1_52                                                                        2.3700 2.8400 
        top_level:FIR_FILTER/acc.sva#1                                                                                                                                 0.0000 2.8400 
        top_level:FIR_FILTER/acc:static_init:slc(acc.sva#1)(51)                                                                                                        0.0000 2.8400 
        top_level:FIR_FILTER/acc:static_init:slc(acc.sva#1)(51).itm                                                                                                    0.0000 2.8400 
        top_level:FIR_FILTER/while:if:not                                 mgc_not_1                                                                                    0.0000 2.8400 
        top_level:FIR_FILTER/while:if:not.itm                                                                                                                          0.0000 2.8400 
        top_level:FIR_FILTER/while:if:or                                  mgc_or_1_23                                                                                  1.2000 4.0400 
        top_level:FIR_FILTER/while:if:or.itm                                                                                                                           0.0000 4.0400 
        top_level:FIR_FILTER/while:if:and                                 mgc_and_1_2                                                                                  0.6000 4.6400 
        top_level:FIR_FILTER/while:if:and.itm                                                                                                                          0.0000 4.6400 
        top_level:FIR_FILTER/while:if:acc                                 mgc_addc_29_1_1_0_30                                                                         1.8200 6.4600 
        top_level:FIR_FILTER/while:if:acc.sat.sva#1                                                                                                                    0.0000 6.4600 
        top_level:FIR_FILTER/while:if:slc(while:if:acc.sat.sva#1)(28)                                                                                                  0.0000 6.4600 
        top_level:FIR_FILTER/while:if:slc(while:if:acc.sat.sva#1)(28).itm                                                                                              0.0000 6.4600 
        top_level:FIR_FILTER/while:if:nor#1                               mgc_nor_1_6                                                                                  0.6000 7.0600 
        top_level:FIR_FILTER/while:if:nor#1.itm                                                                                                                        0.0000 7.0600 
        top_level:FIR_FILTER/while:if:nor                                 mgc_nor_1_2                                                                                  0.6000 7.6600 
        top_level:FIR_FILTER/while:if:nor.ovfl.sva#1                                                                                                                   0.0000 7.6600 
        top_level:FIR_FILTER/while:if:nor#4                               mgc_nor_1_2                                                                                  0.0000 7.6600 
        top_level:FIR_FILTER/while:if:nor#4.itm                                                                                                                        0.0000 7.6600 
        top_level:FIR_FILTER/while:if:while:if:nor#2                      mgc_nor_1_2                                                                                  0.6000 8.2600 
        top_level:FIR_FILTER/while:if:while:if:nor#2.itm                                                                                                               0.0000 8.2600 
        top_level:FIR_FILTER/reg(while:if:while:if:nor#4)                 mgc_reg_pos_1_0_0_0_0_1_1                                                                    0.0000 8.2600 
                                                                                                                                                                                     
      6                                                                   top_level:FIR_FILTER/reg(MAC:acc.itm.1)    top_level:FIR_FILTER/reg(while:if:while:if:nor#4) 8.2600 1.7400 
                                                                                                                                                                                     
        Instance                                                          Component                                                                                    Delta  Delay  
        --------                                                          ---------                                                                                    -----  -----  
        top_level:FIR_FILTER/reg(MAC:acc.itm.1)                           mgc_reg_pos_51_0_0_0_0_0_0                                                                   0.4700 0.4700 
        top_level:FIR_FILTER/MAC:acc.itm.1                                                                                                                             0.0000 0.4700 
        top_level:FIR_FILTER/MAC-16:acc#1                                 mgc_addc_51_1_51_1_52                                                                        2.3700 2.8400 
        top_level:FIR_FILTER/acc.sva#1                                                                                                                                 0.0000 2.8400 
        top_level:FIR_FILTER/acc:static_init:slc(acc.sva#1)(51)                                                                                                        0.0000 2.8400 
        top_level:FIR_FILTER/acc:static_init:slc(acc.sva#1)(51).itm                                                                                                    0.0000 2.8400 
        top_level:FIR_FILTER/while:if:not                                 mgc_not_1                                                                                    0.0000 2.8400 
        top_level:FIR_FILTER/while:if:not.itm                                                                                                                          0.0000 2.8400 
        top_level:FIR_FILTER/while:if:or                                  mgc_or_1_23                                                                                  1.2000 4.0400 
        top_level:FIR_FILTER/while:if:or.itm                                                                                                                           0.0000 4.0400 
        top_level:FIR_FILTER/while:if:and                                 mgc_and_1_2                                                                                  0.6000 4.6400 
        top_level:FIR_FILTER/while:if:and.itm                                                                                                                          0.0000 4.6400 
        top_level:FIR_FILTER/while:if:acc                                 mgc_addc_29_1_1_0_30                                                                         1.8200 6.4600 
        top_level:FIR_FILTER/while:if:acc.sat.sva#1                                                                                                                    0.0000 6.4600 
        top_level:FIR_FILTER/while:if:slc(while:if:acc.sat.sva#1)(28)                                                                                                  0.0000 6.4600 
        top_level:FIR_FILTER/while:if:slc(while:if:acc.sat.sva#1)(28).itm                                                                                              0.0000 6.4600 
        top_level:FIR_FILTER/while:if:nor#1                               mgc_nor_1_6                                                                                  0.6000 7.0600 
        top_level:FIR_FILTER/while:if:nor#1.itm                                                                                                                        0.0000 7.0600 
        top_level:FIR_FILTER/while:if:nor                                 mgc_nor_1_2                                                                                  0.6000 7.6600 
        top_level:FIR_FILTER/while:if:nor.ovfl.sva#1                                                                                                                   0.0000 7.6600 
        top_level:FIR_FILTER/while:if:nor#4                               mgc_nor_1_2                                                                                  0.0000 7.6600 
        top_level:FIR_FILTER/while:if:nor#4.itm                                                                                                                        0.0000 7.6600 
        top_level:FIR_FILTER/while:if:while:if:nor#2                      mgc_nor_1_2                                                                                  0.6000 8.2600 
        top_level:FIR_FILTER/while:if:while:if:nor#2.itm                                                                                                               0.0000 8.2600 
        top_level:FIR_FILTER/reg(while:if:while:if:nor#4)                 mgc_reg_pos_1_0_0_0_0_1_1                                                                    0.0000 8.2600 
                                                                                                                                                                                     
      7                                                                   top_level:FIR_FILTER/reg(MAC:acc#18.itm.1) top_level:FIR_FILTER/reg(while:if:while:if:nor#4) 8.2600 1.7400 
                                                                                                                                                                                     
        Instance                                                          Component                                                                                    Delta  Delay  
        --------                                                          ---------                                                                                    -----  -----  
        top_level:FIR_FILTER/reg(MAC:acc#18.itm.1)                        mgc_reg_pos_51_0_0_0_0_0_0                                                                   0.4700 0.4700 
        top_level:FIR_FILTER/MAC:acc#18.itm.1                                                                                                                          0.0000 0.4700 
        top_level:FIR_FILTER/MAC-16:acc#1                                 mgc_addc_51_1_51_1_52                                                                        2.3700 2.8400 
        top_level:FIR_FILTER/acc.sva#1                                                                                                                                 0.0000 2.8400 
        top_level:FIR_FILTER/acc:static_init:slc(acc.sva#1)(51)                                                                                                        0.0000 2.8400 
        top_level:FIR_FILTER/acc:static_init:slc(acc.sva#1)(51).itm                                                                                                    0.0000 2.8400 
        top_level:FIR_FILTER/while:if:not                                 mgc_not_1                                                                                    0.0000 2.8400 
        top_level:FIR_FILTER/while:if:not.itm                                                                                                                          0.0000 2.8400 
        top_level:FIR_FILTER/while:if:or                                  mgc_or_1_23                                                                                  1.2000 4.0400 
        top_level:FIR_FILTER/while:if:or.itm                                                                                                                           0.0000 4.0400 
        top_level:FIR_FILTER/while:if:and                                 mgc_and_1_2                                                                                  0.6000 4.6400 
        top_level:FIR_FILTER/while:if:and.itm                                                                                                                          0.0000 4.6400 
        top_level:FIR_FILTER/while:if:acc                                 mgc_addc_29_1_1_0_30                                                                         1.8200 6.4600 
        top_level:FIR_FILTER/while:if:acc.sat.sva#1                                                                                                                    0.0000 6.4600 
        top_level:FIR_FILTER/while:if:slc(while:if:acc.sat.sva#1)(25)                                                                                                  0.0000 6.4600 
        top_level:FIR_FILTER/while:if:slc(while:if:acc.sat.sva#1)(25).itm                                                                                              0.0000 6.4600 
        top_level:FIR_FILTER/while:if:nor#1                               mgc_nor_1_6                                                                                  0.6000 7.0600 
        top_level:FIR_FILTER/while:if:nor#1.itm                                                                                                                        0.0000 7.0600 
        top_level:FIR_FILTER/while:if:nor                                 mgc_nor_1_2                                                                                  0.6000 7.6600 
        top_level:FIR_FILTER/while:if:nor.ovfl.sva#1                                                                                                                   0.0000 7.6600 
        top_level:FIR_FILTER/while:if:nor#4                               mgc_nor_1_2                                                                                  0.0000 7.6600 
        top_level:FIR_FILTER/while:if:nor#4.itm                                                                                                                        0.0000 7.6600 
        top_level:FIR_FILTER/while:if:while:if:nor#2                      mgc_nor_1_2                                                                                  0.6000 8.2600 
        top_level:FIR_FILTER/while:if:while:if:nor#2.itm                                                                                                               0.0000 8.2600 
        top_level:FIR_FILTER/reg(while:if:while:if:nor#4)                 mgc_reg_pos_1_0_0_0_0_1_1                                                                    0.0000 8.2600 
                                                                                                                                                                                     
      8                                                                   top_level:FIR_FILTER/reg(MAC:acc#18.itm.1) top_level:FIR_FILTER/reg(while:if:while:if:nor#4) 8.2600 1.7400 
                                                                                                                                                                                     
        Instance                                                          Component                                                                                    Delta  Delay  
        --------                                                          ---------                                                                                    -----  -----  
        top_level:FIR_FILTER/reg(MAC:acc#18.itm.1)                        mgc_reg_pos_51_0_0_0_0_0_0                                                                   0.4700 0.4700 
        top_level:FIR_FILTER/MAC:acc#18.itm.1                                                                                                                          0.0000 0.4700 
        top_level:FIR_FILTER/MAC-16:acc#1                                 mgc_addc_51_1_51_1_52                                                                        2.3700 2.8400 
        top_level:FIR_FILTER/acc.sva#1                                                                                                                                 0.0000 2.8400 
        top_level:FIR_FILTER/acc:static_init:slc(acc.sva#1)(51)                                                                                                        0.0000 2.8400 
        top_level:FIR_FILTER/acc:static_init:slc(acc.sva#1)(51).itm                                                                                                    0.0000 2.8400 
        top_level:FIR_FILTER/while:if:not                                 mgc_not_1                                                                                    0.0000 2.8400 
        top_level:FIR_FILTER/while:if:not.itm                                                                                                                          0.0000 2.8400 
        top_level:FIR_FILTER/while:if:or                                  mgc_or_1_23                                                                                  1.2000 4.0400 
        top_level:FIR_FILTER/while:if:or.itm                                                                                                                           0.0000 4.0400 
        top_level:FIR_FILTER/while:if:and                                 mgc_and_1_2                                                                                  0.6000 4.6400 
        top_level:FIR_FILTER/while:if:and.itm                                                                                                                          0.0000 4.6400 
        top_level:FIR_FILTER/while:if:acc                                 mgc_addc_29_1_1_0_30                                                                         1.8200 6.4600 
        top_level:FIR_FILTER/while:if:acc.sat.sva#1                                                                                                                    0.0000 6.4600 
        top_level:FIR_FILTER/while:if:slc(while:if:acc.sat.sva#1)(24)                                                                                                  0.0000 6.4600 
        top_level:FIR_FILTER/while:if:slc(while:if:acc.sat.sva#1)(24).itm                                                                                              0.0000 6.4600 
        top_level:FIR_FILTER/while:if:nor#1                               mgc_nor_1_6                                                                                  0.6000 7.0600 
        top_level:FIR_FILTER/while:if:nor#1.itm                                                                                                                        0.0000 7.0600 
        top_level:FIR_FILTER/while:if:nor                                 mgc_nor_1_2                                                                                  0.6000 7.6600 
        top_level:FIR_FILTER/while:if:nor.ovfl.sva#1                                                                                                                   0.0000 7.6600 
        top_level:FIR_FILTER/while:if:nor#4                               mgc_nor_1_2                                                                                  0.0000 7.6600 
        top_level:FIR_FILTER/while:if:nor#4.itm                                                                                                                        0.0000 7.6600 
        top_level:FIR_FILTER/while:if:while:if:nor#2                      mgc_nor_1_2                                                                                  0.6000 8.2600 
        top_level:FIR_FILTER/while:if:while:if:nor#2.itm                                                                                                               0.0000 8.2600 
        top_level:FIR_FILTER/reg(while:if:while:if:nor#4)                 mgc_reg_pos_1_0_0_0_0_1_1                                                                    0.0000 8.2600 
                                                                                                                                                                                     
      9                                                                   top_level:FIR_FILTER/reg(MAC:acc.itm.1)    top_level:FIR_FILTER/reg(while:if:while:if:nor#4) 8.2600 1.7400 
                                                                                                                                                                                     
        Instance                                                          Component                                                                                    Delta  Delay  
        --------                                                          ---------                                                                                    -----  -----  
        top_level:FIR_FILTER/reg(MAC:acc.itm.1)                           mgc_reg_pos_51_0_0_0_0_0_0                                                                   0.4700 0.4700 
        top_level:FIR_FILTER/MAC:acc.itm.1                                                                                                                             0.0000 0.4700 
        top_level:FIR_FILTER/MAC-16:acc#1                                 mgc_addc_51_1_51_1_52                                                                        2.3700 2.8400 
        top_level:FIR_FILTER/acc.sva#1                                                                                                                                 0.0000 2.8400 
        top_level:FIR_FILTER/acc:static_init:slc(acc.sva#1)(51)                                                                                                        0.0000 2.8400 
        top_level:FIR_FILTER/acc:static_init:slc(acc.sva#1)(51).itm                                                                                                    0.0000 2.8400 
        top_level:FIR_FILTER/while:if:not                                 mgc_not_1                                                                                    0.0000 2.8400 
        top_level:FIR_FILTER/while:if:not.itm                                                                                                                          0.0000 2.8400 
        top_level:FIR_FILTER/while:if:or                                  mgc_or_1_23                                                                                  1.2000 4.0400 
        top_level:FIR_FILTER/while:if:or.itm                                                                                                                           0.0000 4.0400 
        top_level:FIR_FILTER/while:if:and                                 mgc_and_1_2                                                                                  0.6000 4.6400 
        top_level:FIR_FILTER/while:if:and.itm                                                                                                                          0.0000 4.6400 
        top_level:FIR_FILTER/while:if:acc                                 mgc_addc_29_1_1_0_30                                                                         1.8200 6.4600 
        top_level:FIR_FILTER/while:if:acc.sat.sva#1                                                                                                                    0.0000 6.4600 
        top_level:FIR_FILTER/while:if:slc(while:if:acc.sat.sva#1)(24)                                                                                                  0.0000 6.4600 
        top_level:FIR_FILTER/while:if:slc(while:if:acc.sat.sva#1)(24).itm                                                                                              0.0000 6.4600 
        top_level:FIR_FILTER/while:if:nor#1                               mgc_nor_1_6                                                                                  0.6000 7.0600 
        top_level:FIR_FILTER/while:if:nor#1.itm                                                                                                                        0.0000 7.0600 
        top_level:FIR_FILTER/while:if:nor                                 mgc_nor_1_2                                                                                  0.6000 7.6600 
        top_level:FIR_FILTER/while:if:nor.ovfl.sva#1                                                                                                                   0.0000 7.6600 
        top_level:FIR_FILTER/while:if:nor#4                               mgc_nor_1_2                                                                                  0.0000 7.6600 
        top_level:FIR_FILTER/while:if:nor#4.itm                                                                                                                        0.0000 7.6600 
        top_level:FIR_FILTER/while:if:while:if:nor#2                      mgc_nor_1_2                                                                                  0.6000 8.2600 
        top_level:FIR_FILTER/while:if:while:if:nor#2.itm                                                                                                               0.0000 8.2600 
        top_level:FIR_FILTER/reg(while:if:while:if:nor#4)                 mgc_reg_pos_1_0_0_0_0_1_1                                                                    0.0000 8.2600 
                                                                                                                                                                                     
      10                                                                  top_level:FIR_FILTER/reg(MAC:acc#18.itm.1) top_level:FIR_FILTER/reg(while:if:while:if:nor#4) 8.2600 1.7400 
                                                                                                                                                                                     
        Instance                                                          Component                                                                                    Delta  Delay  
        --------                                                          ---------                                                                                    -----  -----  
        top_level:FIR_FILTER/reg(MAC:acc#18.itm.1)                        mgc_reg_pos_51_0_0_0_0_0_0                                                                   0.4700 0.4700 
        top_level:FIR_FILTER/MAC:acc#18.itm.1                                                                                                                          0.0000 0.4700 
        top_level:FIR_FILTER/MAC-16:acc#1                                 mgc_addc_51_1_51_1_52                                                                        2.3700 2.8400 
        top_level:FIR_FILTER/acc.sva#1                                                                                                                                 0.0000 2.8400 
        top_level:FIR_FILTER/acc:static_init:slc(acc.sva#1)(51)                                                                                                        0.0000 2.8400 
        top_level:FIR_FILTER/acc:static_init:slc(acc.sva#1)(51).itm                                                                                                    0.0000 2.8400 
        top_level:FIR_FILTER/while:if:not                                 mgc_not_1                                                                                    0.0000 2.8400 
        top_level:FIR_FILTER/while:if:not.itm                                                                                                                          0.0000 2.8400 
        top_level:FIR_FILTER/while:if:or                                  mgc_or_1_23                                                                                  1.2000 4.0400 
        top_level:FIR_FILTER/while:if:or.itm                                                                                                                           0.0000 4.0400 
        top_level:FIR_FILTER/while:if:and                                 mgc_and_1_2                                                                                  0.6000 4.6400 
        top_level:FIR_FILTER/while:if:and.itm                                                                                                                          0.0000 4.6400 
        top_level:FIR_FILTER/while:if:acc                                 mgc_addc_29_1_1_0_30                                                                         1.8200 6.4600 
        top_level:FIR_FILTER/while:if:acc.sat.sva#1                                                                                                                    0.0000 6.4600 
        top_level:FIR_FILTER/while:if:slc(while:if:acc.sat.sva#1)(26)                                                                                                  0.0000 6.4600 
        top_level:FIR_FILTER/while:if:slc(while:if:acc.sat.sva#1)(26).itm                                                                                              0.0000 6.4600 
        top_level:FIR_FILTER/while:if:nor#1                               mgc_nor_1_6                                                                                  0.6000 7.0600 
        top_level:FIR_FILTER/while:if:nor#1.itm                                                                                                                        0.0000 7.0600 
        top_level:FIR_FILTER/while:if:nor                                 mgc_nor_1_2                                                                                  0.6000 7.6600 
        top_level:FIR_FILTER/while:if:nor.ovfl.sva#1                                                                                                                   0.0000 7.6600 
        top_level:FIR_FILTER/while:if:nor#4                               mgc_nor_1_2                                                                                  0.0000 7.6600 
        top_level:FIR_FILTER/while:if:nor#4.itm                                                                                                                        0.0000 7.6600 
        top_level:FIR_FILTER/while:if:while:if:nor#2                      mgc_nor_1_2                                                                                  0.6000 8.2600 
        top_level:FIR_FILTER/while:if:while:if:nor#2.itm                                                                                                               0.0000 8.2600 
        top_level:FIR_FILTER/reg(while:if:while:if:nor#4)                 mgc_reg_pos_1_0_0_0_0_1_1                                                                    0.0000 8.2600 
                                                                                                                                                                                     
      
    Register Input and Register-to-Output Slack
      Clock period or pin-to-reg delay constraint (clk): 10.0
      Clock uncertainty constraint (clk)               : 0.0
      
      Instance                                                       Port                                                    Slack (Delay) Messages 
      -------------------------------------------------------------- ----------------------------------------------------- ------- ------- --------
      top_level:FIR_FILTER/reg(valid_out)                            while:aelse:while:aelse:while:aelse:valid_out:not.itm  8.9300  1.0700          
      top_level:FIR_FILTER/reg(while:if:slc(while:if:acc.sat)(29)#3) while:if:slc(while:if:acc.sat.sva#1)(29).itm           3.5400  6.4600          
      top_level:FIR_FILTER/reg(while:if:while:if:nor#3)              while:if:while:if:nor#1.itm                            1.7400  8.2600          
      top_level:FIR_FILTER/reg(while:if:while:if:nor#4)              while:if:while:if:nor#2.itm                            1.7400  8.2600          
      top_level:FIR_FILTER/reg(MAC:acc#18.itm.1)                     MAC:acc#18.itm                                         2.5700  7.4300          
      top_level:FIR_FILTER/reg(MAC:acc.itm.1)                        MAC:acc.itm                                            2.5700  7.4300          
      top_level:FIR_FILTER/reg(while:else:land.lpi#1.dfm.st.2)       reg(while:else:land.lpi#1.dfm).cse                     9.5300  0.4700          
      top_level:FIR_FILTER/reg(while:land.lpi#1.dfm.st.2)            while:land.lpi#1.dfm.st.1                              9.5300  0.4700          
      top_level:FIR_FILTER/reg(while:land.lpi#1.dfm.st.1)            while:land.lpi#1.dfm#1                                 8.3300  1.6700          
      top_level:FIR_FILTER/reg(new_sample__wr)                       while:while:or.itm                                     8.3300  1.6700          
      top_level:FIR_FILTER/reg(while.stage_0.2)                      1#6                                                   10.0000  0.0000          
      top_level:FIR_FILTER/reg(while.stage_0.3)                      while.stage_0.2                                        9.5300  0.4700          
      top_level:FIR_FILTER/reg(MAC-7:mul.itm.1)                      MAC-7:mul.itm                                          3.5528  6.4472          
      top_level:FIR_FILTER/reg(MAC-8:mul.itm.1)                      MAC-8:mul.itm                                          3.5528  6.4472          
      top_level:FIR_FILTER/reg(MAC-5:mul.itm.1)                      MAC-5:mul.itm                                          3.5528  6.4472          
      top_level:FIR_FILTER/reg(MAC-6:mul.itm.1)                      MAC-6:mul.itm                                          3.5528  6.4472          
      top_level:FIR_FILTER/reg(MAC-3:mul.itm.1)                      MAC-3:mul.itm                                          3.5528  6.4472          
      top_level:FIR_FILTER/reg(MAC-4:mul.itm.1)                      MAC-4:mul.itm                                          3.5528  6.4472          
      top_level:FIR_FILTER/reg(MAC-1:mul.itm.1)                      MAC-1:mul.itm                                          4.0228  5.9772          
      top_level:FIR_FILTER/reg(MAC-2:mul.itm.1)                      MAC-2:mul.itm                                          3.5528  6.4472          
      top_level:FIR_FILTER/reg(MAC-15:mul.itm.1)                     MAC-15:mul.itm                                         3.5528  6.4472          
      top_level:FIR_FILTER/reg(MAC-16:mul.itm.1)                     MAC-16:mul.itm                                         3.5528  6.4472          
      top_level:FIR_FILTER/reg(MAC-13:mul.itm.1)                     MAC-13:mul.itm                                         3.5528  6.4472          
      top_level:FIR_FILTER/reg(MAC-14:mul.itm.1)                     MAC-14:mul.itm                                         3.5528  6.4472          
      top_level:FIR_FILTER/reg(MAC-11:mul.itm.1)                     MAC-11:mul.itm                                         3.5528  6.4472          
      top_level:FIR_FILTER/reg(MAC-12:mul.itm.1)                     MAC-12:mul.itm                                         3.5528  6.4472          
      top_level:FIR_FILTER/reg(MAC-9:mul.itm.1)                      MAC-9:mul.itm                                          3.5528  6.4472          
      top_level:FIR_FILTER/reg(MAC-10:mul.itm.1)                     MAC-10:mul.itm                                         3.5528  6.4472          
      top_level:FIR_FILTER/reg(while:else:land.lpi#1.dfm)            while:else:land.lpi#1.dfm:mx0w0                        8.3300  1.6700          
      top_level:FIR_FILTER/reg(taps(0))                              data_in                                                4.0228  5.9772          
      top_level:FIR_FILTER/reg(taps(2))                              taps(1).sva                                            3.5528  6.4472          
      top_level:FIR_FILTER/reg(taps(1))                              taps(0).sva                                            3.5528  6.4472          
      top_level:FIR_FILTER/reg(taps(4))                              taps(3).sva                                            3.5528  6.4472          
      top_level:FIR_FILTER/reg(taps(3))                              taps(2).sva                                            3.5528  6.4472          
      top_level:FIR_FILTER/reg(taps(6))                              taps(5).sva                                            3.5528  6.4472          
      top_level:FIR_FILTER/reg(taps(5))                              taps(4).sva                                            3.5528  6.4472          
      top_level:FIR_FILTER/reg(taps(8))                              taps(7).sva                                            3.5528  6.4472          
      top_level:FIR_FILTER/reg(taps(7))                              taps(6).sva                                            3.5528  6.4472          
      top_level:FIR_FILTER/reg(taps(10))                             taps(9).sva                                            3.5528  6.4472          
      top_level:FIR_FILTER/reg(taps(9))                              taps(8).sva                                            3.5528  6.4472          
      top_level:FIR_FILTER/reg(taps(12))                             taps(11).sva                                           3.5528  6.4472          
      top_level:FIR_FILTER/reg(taps(11))                             taps(10).sva                                           3.5528  6.4472          
      top_level:FIR_FILTER/reg(taps(14))                             taps(13).sva                                           3.5528  6.4472          
      top_level:FIR_FILTER/reg(taps(13))                             taps(12).sva                                           3.5528  6.4472          
      top_level                                                      data_out                                               9.5300  0.4700          
      top_level                                                      valid_out                                              9.5300  0.4700          
      
  Operator Bitwidth Summary
    Operation Size (bits) Count 
    --------- ----------- -----
    add                         
    -                  52     1 
    -                  51     2 
    -                  50     4 
    -                  49     8 
    -                  30     1 
    and                         
    -                   1     7 
    mul                         
    -                  48    16 
    nand                        
    -                   1     2 
    nor                         
    -                  22     2 
    -                   1     4 
    not                         
    -                   1    25 
    or                          
    -                   1     4 
    reg                         
    -                  51     2 
    -                  48    16 
    -                  24    15 
    -                  22     1 
    -                   1    10 
    
  End of Report
