-- Catapult Ultra Synthesis: Report                                              
-- ------------------------- ---------------------------------------------------
-- Version:                  2022.2_1/1019737 Production Release                 
-- Build Date:               Mon Nov 21 20:05:27 PST 2022                        
                                                                                 
-- Generated by:             HLS_student@localhost.localdomain                   
-- Generated date:           Tue Feb 11 15:19:48 CET 2025                        

Solution Settings: top_level.v1
  Current state: extract
  Project: Catapult_2
  
  Design Input Files Specified
    $PROJECT_HOME/FIR_FILTER.h
      $PROJECT_HOME/FIR_TYPES.h
        $MGC_HOME/shared/include/systemc.h
          $MGC_HOME/shared/include/systemc
            $MGC_HOME/shared/include/sysc/kernel/sc_cmnhdr.h
            $MGC_HOME/shared/include/sysc/kernel/sc_externs.h
            $MGC_HOME/shared/include/sysc/kernel/sc_except.h
              $MGC_HOME/shared/include/sysc/kernel/sc_cmnhdr.h
            $MGC_HOME/shared/include/sysc/kernel/sc_module.h
              $MGC_HOME/shared/include/sysc/kernel/sc_kernel_ids.h
                $MGC_HOME/shared/include/sysc/utils/sc_report.h
                  $MGC_HOME/shared/include/sysc/kernel/sc_cmnhdr.h
                  $MGC_HOME/shared/include/sysc/utils/sc_report_handler.h
              $MGC_HOME/shared/include/sysc/kernel/sc_process.h
                $MGC_HOME/shared/include/sysc/kernel/sc_constants.h
                $MGC_HOME/shared/include/sysc/kernel/sc_object.h
                  $MGC_HOME/shared/include/sysc/kernel/sc_attribute.h
                    $MGC_HOME/shared/include/sysc/kernel/sc_cmnhdr.h
                $MGC_HOME/shared/include/sysc/communication/sc_export.h
                  $MGC_HOME/shared/include/sysc/communication/sc_communication_ids.h
                  $MGC_HOME/shared/include/sysc/communication/sc_interface.h
                    $MGC_HOME/shared/include/sysc/kernel/sc_cmnhdr.h
                  $MGC_HOME/shared/include/sysc/utils/sc_typeindex.h
                    $MGC_HOME/shared/include/sysc/kernel/sc_cmnhdr.h
              $MGC_HOME/shared/include/sysc/kernel/sc_module_name.h
              $MGC_HOME/shared/include/sysc/kernel/sc_sensitive.h
              $MGC_HOME/shared/include/sysc/kernel/sc_time.h
                $MGC_HOME/shared/include/sysc/datatypes/int/sc_nbdefs.h
                  $MGC_HOME/shared/include/sysc/kernel/sc_cmnhdr.h
                $MGC_HOME/shared/include/sysc/datatypes/fx/scfx_ieee.h
                  $MGC_HOME/shared/include/sysc/datatypes/fx/sc_fxdefs.h
                    $MGC_HOME/shared/include/sysc/kernel/sc_cmnhdr.h
                    $MGC_HOME/shared/include/sysc/utils/sc_machine.h
                      $MGC_HOME/shared/include/sysc/packages/boost/detail/endian.hpp
                    $MGC_HOME/shared/include/sysc/datatypes/fx/sc_fx_ids.h
                    $MGC_HOME/shared/include/sysc/datatypes/int/sc_nbutils.h
                      $MGC_HOME/shared/include/sysc/datatypes/bit/sc_bit_ids.h
                      $MGC_HOME/shared/include/sysc/datatypes/int/sc_int_ids.h
              $MGC_HOME/shared/include/sysc/kernel/sc_wait.h
                $MGC_HOME/shared/include/sysc/kernel/sc_simcontext.h
                  $MGC_HOME/shared/include/sysc/kernel/sc_cmnhdr.h
                  $MGC_HOME/shared/include/sysc/kernel/sc_status.h
                    $MGC_HOME/shared/include/sysc/kernel/sc_cmnhdr.h
                  $MGC_HOME/shared/include/sysc/utils/sc_hash.h
                    $MGC_HOME/shared/include/sysc/kernel/sc_simcontext.h
                  $MGC_HOME/shared/include/sysc/utils/sc_pq.h
                    $MGC_HOME/shared/include/sysc/kernel/sc_cmnhdr.h
              $MGC_HOME/shared/include/sysc/kernel/sc_wait_cthread.h
                $MGC_HOME/shared/include/sysc/datatypes/bit/sc_logic.h
                  $MGC_HOME/shared/include/sysc/kernel/sc_cmnhdr.h
                  $MGC_HOME/shared/include/sysc/kernel/sc_macros.h
                    $MGC_HOME/shared/include/sysc/kernel/sc_cmnhdr.h
                  $MGC_HOME/shared/include/sysc/utils/sc_mempool.h
                  $MGC_HOME/shared/include/sysc/datatypes/bit/sc_bit.h
              $MGC_HOME/shared/include/sysc/kernel/sc_process_handle.h
                $MGC_HOME/shared/include/sysc/kernel/sc_module.h
              $MGC_HOME/shared/include/sysc/utils/sc_list.h
                $MGC_HOME/shared/include/sysc/kernel/sc_cmnhdr.h
            $MGC_HOME/shared/include/sysc/kernel/sc_ver.h
              $MGC_HOME/shared/include/sysc/kernel/sc_cmnhdr.h
              $MGC_HOME/shared/include/sysc/communication/sc_writer_policy.h
            $MGC_HOME/shared/include/sysc/communication/sc_buffer.h
              $MGC_HOME/shared/include/sysc/communication/sc_signal.h
                $MGC_HOME/shared/include/sysc/communication/sc_port.h
                  $MGC_HOME/shared/include/sysc/kernel/sc_event.h
                    $MGC_HOME/shared/include/sysc/kernel/sc_cmnhdr.h
                $MGC_HOME/shared/include/sysc/communication/sc_prim_channel.h
                $MGC_HOME/shared/include/sysc/communication/sc_signal_ifs.h
                $MGC_HOME/shared/include/sysc/tracing/sc_trace.h
            $MGC_HOME/shared/include/sysc/communication/sc_clock.h
            $MGC_HOME/shared/include/sysc/communication/sc_clock_ports.h
              $MGC_HOME/shared/include/sysc/communication/sc_signal_ports.h
                $MGC_HOME/shared/include/sysc/communication/sc_event_finder.h
            $MGC_HOME/shared/include/sysc/communication/sc_event_queue.h
            $MGC_HOME/shared/include/sysc/communication/sc_fifo.h
              $MGC_HOME/shared/include/sysc/communication/sc_fifo_ifs.h
            $MGC_HOME/shared/include/sysc/communication/sc_fifo_ports.h
            $MGC_HOME/shared/include/sysc/communication/sc_mutex.h
              $MGC_HOME/shared/include/sysc/communication/sc_mutex_if.h
            $MGC_HOME/shared/include/sysc/communication/sc_semaphore.h
              $MGC_HOME/shared/include/sysc/communication/sc_semaphore_if.h
            $MGC_HOME/shared/include/sysc/communication/sc_signal_resolved.h
            $MGC_HOME/shared/include/sysc/communication/sc_signal_resolved_ports.h
            $MGC_HOME/shared/include/sysc/communication/sc_signal_rv.h
              $MGC_HOME/shared/include/sysc/datatypes/bit/sc_lv.h
                $MGC_HOME/shared/include/sysc/datatypes/bit/sc_lv_base.h
                  $MGC_HOME/shared/include/sysc/datatypes/bit/sc_bv_base.h
                    $MGC_HOME/shared/include/sysc/datatypes/bit/sc_bit_proxies.h
                      $MGC_HOME/shared/include/sysc/datatypes/bit/sc_proxy.h
                        $MGC_HOME/shared/include/sysc/kernel/sc_cmnhdr.h
                        $MGC_HOME/shared/include/sysc/datatypes/int/sc_signed.h
                          $MGC_HOME/shared/include/sysc/datatypes/misc/sc_value_base.h
                          $MGC_HOME/shared/include/sysc/utils/sc_temporary.h
                            $MGC_HOME/shared/include/sysc/kernel/sc_cmnhdr.h
                          $MGC_HOME/shared/include/sysc/datatypes/int/sc_length_param.h
                            $MGC_HOME/shared/include/sysc/datatypes/fx/sc_context.h
                              $MGC_HOME/shared/include/sysc/kernel/sc_cmnhdr.h
                          $MGC_HOME/shared/include/sysc/datatypes/int/sc_nbexterns.h
                          $MGC_HOME/shared/include/sysc/datatypes/int/sc_unsigned.h
                        $MGC_HOME/shared/include/sysc/datatypes/int/sc_int_base.h
                          $MGC_HOME/shared/include/sysc/kernel/sc_cmnhdr.h
                          $MGC_HOME/shared/include/sysc/datatypes/int/sc_uint_base.h
            $MGC_HOME/shared/include/sysc/communication/sc_signal_rv_ports.h
            $MGC_HOME/shared/include/sysc/datatypes/bit/sc_bv.h
            $MGC_HOME/shared/include/sysc/datatypes/int/sc_bigint.h
            $MGC_HOME/shared/include/sysc/datatypes/int/sc_biguint.h
            $MGC_HOME/shared/include/sysc/datatypes/int/sc_int.h
            $MGC_HOME/shared/include/sysc/datatypes/int/sc_uint.h
            $MGC_HOME/shared/include/sysc/datatypes/misc/sc_concatref.h
            $MGC_HOME/shared/include/sysc/utils/sc_utils_ids.h
            $MGC_HOME/shared/include/sysc/utils/sc_pvector.h
            $MGC_HOME/shared/include/sysc/utils/sc_string_view.h
              $MGC_HOME/shared/include/sysc/kernel/sc_cmnhdr.h
            $MGC_HOME/shared/include/sysc/utils/sc_vector.h
        $MGC_HOME/shared/include/ac_sc.h
          $MGC_HOME/shared/include/ac_complex.h
            $MGC_HOME/shared/include/ac_float.h
              $MGC_HOME/shared/include/ac_fixed.h
                $MGC_HOME/shared/include/ac_int.h
        $MGC_HOME/shared/include/ccs_p2p.h
          $MGC_HOME/shared/include/ccs_p2p/ccs_p2p_wire.h
            $MGC_HOME/shared/include/ccs_types.h
              $MGC_HOME/shared/include/tlm.h
                $MGC_HOME/shared/include/tlm
                  $MGC_HOME/shared/include/systemc
                  $MGC_HOME/shared/include/tlm_core/tlm_2/tlm_version.h
                  $MGC_HOME/shared/include/tlm_core/tlm_1/tlm_analysis/tlm_analysis.h
                    $MGC_HOME/shared/include/tlm_core/tlm_1/tlm_analysis/tlm_write_if.h
                      $MGC_HOME/shared/include/systemc
                    $MGC_HOME/shared/include/tlm_core/tlm_1/tlm_analysis/tlm_analysis_if.h
                    $MGC_HOME/shared/include/tlm_core/tlm_1/tlm_analysis/tlm_analysis_triple.h
                    $MGC_HOME/shared/include/tlm_core/tlm_1/tlm_analysis/tlm_analysis_port.h
                    $MGC_HOME/shared/include/tlm_core/tlm_1/tlm_analysis/tlm_analysis_fifo.h
                      $MGC_HOME/shared/include/tlm_core/tlm_1/tlm_req_rsp/tlm_channels/tlm_fifo/tlm_fifo.h
                        $MGC_HOME/shared/include/tlm_core/tlm_1/tlm_req_rsp/tlm_1_interfaces/tlm_fifo_ifs.h
                          $MGC_HOME/shared/include/tlm_core/tlm_1/tlm_req_rsp/tlm_1_interfaces/tlm_core_ifs.h
                            $MGC_HOME/shared/include/tlm_core/tlm_1/tlm_req_rsp/tlm_1_interfaces/tlm_tag.h
                        $MGC_HOME/shared/include/tlm_core/tlm_1/tlm_req_rsp/tlm_channels/tlm_fifo/circular_buffer.h
                        $MGC_HOME/shared/include/tlm_core/tlm_1/tlm_req_rsp/tlm_channels/tlm_fifo/tlm_fifo_put_get.h
                        $MGC_HOME/shared/include/tlm_core/tlm_1/tlm_req_rsp/tlm_channels/tlm_fifo/tlm_fifo_peek.h
                        $MGC_HOME/shared/include/tlm_core/tlm_1/tlm_req_rsp/tlm_channels/tlm_fifo/tlm_fifo_resize.h
                  $MGC_HOME/shared/include/tlm_core/tlm_1/tlm_req_rsp/tlm_req_rsp.h
                    $MGC_HOME/shared/include/tlm_core/tlm_1/tlm_req_rsp/tlm_1_interfaces/tlm_master_slave_ifs.h
                    $MGC_HOME/shared/include/tlm_core/tlm_1/tlm_req_rsp/tlm_channels/tlm_req_rsp_channels/tlm_req_rsp_channels.h
                      $MGC_HOME/shared/include/tlm_core/tlm_1/tlm_req_rsp/tlm_adapters/tlm_adapters.h
                      $MGC_HOME/shared/include/tlm_core/tlm_1/tlm_req_rsp/tlm_channels/tlm_req_rsp_channels/tlm_put_get_imp.h
                    $MGC_HOME/shared/include/tlm_core/tlm_1/tlm_req_rsp/tlm_ports/tlm_nonblocking_port.h
                      $MGC_HOME/shared/include/tlm_core/tlm_1/tlm_req_rsp/tlm_ports/tlm_event_finder.h
                  $MGC_HOME/shared/include/tlm_core/tlm_2/tlm_2_interfaces/tlm_2_interfaces.h
                    $MGC_HOME/shared/include/tlm_core/tlm_2/tlm_2_interfaces/tlm_dmi.h
                      $MGC_HOME/shared/include/systemc
                    $MGC_HOME/shared/include/tlm_core/tlm_2/tlm_2_interfaces/tlm_fw_bw_ifs.h
                      $MGC_HOME/shared/include/systemc
                      $MGC_HOME/shared/include/tlm_core/tlm_2/tlm_generic_payload/tlm_generic_payload.h
                        $MGC_HOME/shared/include/tlm_core/tlm_2/tlm_generic_payload/tlm_helpers.h
                        $MGC_HOME/shared/include/tlm_core/tlm_2/tlm_generic_payload/tlm_phase.h
                          $MGC_HOME/shared/include/sysc/kernel/sc_cmnhdr.h
                        $MGC_HOME/shared/include/tlm_core/tlm_2/tlm_generic_payload/tlm_gp.h
                          $MGC_HOME/shared/include/sysc/kernel/sc_cmnhdr.h
                          $MGC_HOME/shared/include/tlm_core/tlm_2/tlm_generic_payload/tlm_array.h
                        $MGC_HOME/shared/include/tlm_core/tlm_2/tlm_generic_payload/tlm_endian_conv.h
                  $MGC_HOME/shared/include/tlm_core/tlm_2/tlm_sockets/tlm_sockets.h
                    $MGC_HOME/shared/include/tlm_core/tlm_2/tlm_sockets/tlm_initiator_socket.h
                      $MGC_HOME/shared/include/tlm_core/tlm_2/tlm_sockets/tlm_base_socket_if.h
                    $MGC_HOME/shared/include/tlm_core/tlm_2/tlm_sockets/tlm_target_socket.h
                  $MGC_HOME/shared/include/tlm_core/tlm_2/tlm_quantum/tlm_quantum.h
                    $MGC_HOME/shared/include/tlm_core/tlm_2/tlm_quantum/tlm_global_quantum.h
              $MGC_HOME/shared/include/mc_typeconv.h
                $MGC_HOME/shared/include/mc_container_types.h
          $MGC_HOME/shared/include/ccs_p2p/ccs_p2p_valid.h
          $MGC_HOME/shared/include/ccs_p2p/ccs_p2p_fifo.h
          $MGC_HOME/shared/include/ccs_p2p/ccs_p2p_sync.h
          $MGC_HOME/shared/include/ccs_p2p/ccs_p2p_event.h
    $PROJECT_HOME/sc_main.cpp
  
  Processes/Blocks in Design
    Process               Real Operation(s) count Latency Throughput Reset Length II Comments 
    --------------------- ----------------------- ------- ---------- ------------ -- --------
    /top_level/FIR_FILTER                     151      10          8            0  0          
    Design Total:                             151      10          8            0  1          
    
  Bill Of Materials (Datapath)
    Component Name                  Area Score Area(DSP) Area(LUTs) Area(MUX_CARRYs) Delay Post Alloc Post Assign 
    ------------------------------- ---------- --------- ---------- ---------------- ----- ---------- -----------
    [Lib: mgc_Xilinx-ARTIX-7-3_beh]                                                                               
    mgc_add(29,1,1,0,30)                29.000     0.000     29.000           28.000 1.820          1           1 
    mgc_add(3,0,2,1,4)                   3.000     0.000      3.000            2.000 1.170          1           1 
    mgc_add(48,1,48,1,49)               48.000     0.000     48.000           47.000 2.295          1           1 
    mgc_add(52,0,49,1,52)               52.000     0.000     52.000           51.000 2.395          1           1 
    mgc_and(1,2)                         1.000     0.000      1.000            0.000 0.600          0          10 
    mgc_and(1,3)                         1.000     0.000      1.000            0.000 0.600          0           6 
    mgc_and(3,2)                         3.000     0.000      3.000            0.000 0.600          0           1 
    mgc_and(4,2)                         4.000     0.000      4.000            0.000 0.600          1           0 
    mgc_and(52,2)                       52.000     0.000     52.000            0.000 0.600          1           1 
    mgc_mul(24,1,24,1,48)             1200.000     2.000      0.000            0.000 5.977          2           2 
    mgc_mux(1,1,2)                       1.000     0.000      1.000            0.000 0.130          3           5 
    mgc_mux(24,1,2)                     24.000     0.000     24.000            0.000 0.130         16           0 
    mgc_mux(4,1,2)                       4.000     0.000      4.000            0.000 0.130          1           0 
    mgc_mux(52,1,2)                     52.000     0.000     52.000            0.000 0.130          1           1 
    mgc_mux1hot(24,16)                 154.527     0.000    154.527            0.000 1.600          2           0 
    mgc_mux1hot(24,8)                   80.795     0.000     80.795            0.000 1.600          2           2 
    mgc_mux1hot(24,9)                   90.011     0.000     90.011            0.000 1.600          0           2 
    mgc_nand(1,2)                        1.000     0.000      1.000            0.000 0.600          0           2 
    mgc_nand(1,3)                        1.000     0.000      1.000            0.000 0.600          0           1 
    mgc_nand(1,6)                        1.000     0.000      1.000            0.000 0.600          0           1 
    mgc_nor(1,2)                         1.000     0.000      1.000            0.000 0.600          0           7 
    mgc_nor(1,3)                         1.000     0.000      1.000            0.000 0.600          0           1 
    mgc_nor(1,6)                         1.000     0.000      1.000            0.000 0.600          0           1 
    mgc_nor(22,2)                       22.000     0.000     22.000            0.000 0.600          2           2 
    mgc_not(1)                           0.000     0.000      0.000            0.000 0.000          0          33 
    mgc_or(1,2)                          1.000     0.000      1.000            0.000 0.600          0           6 
    mgc_or(1,23)                         5.000     0.000      5.000            0.000 1.600          0           1 
    mgc_reg_pos(1,0,0,0,0,1,1)           0.000     0.000      0.000            0.000 0.470          0           2 
    mgc_reg_pos(1,0,0,1,1,0,0)           0.000     0.000      0.000            0.000 0.470          0          12 
    mgc_reg_pos(1,0,0,1,1,1,1)           0.000     0.000      0.000            0.000 0.470          0           1 
    mgc_reg_pos(22,0,0,0,0,1,1)          0.000     0.000      0.000            0.000 0.470          0           1 
    mgc_reg_pos(24,0,0,0,0,0,0)          0.000     0.000      0.000            0.000 0.470          0           4 
    mgc_reg_pos(24,0,0,0,0,1,1)          0.000     0.000      0.000            0.000 0.470          0           1 
    mgc_reg_pos(24,0,0,1,1,1,1)          0.000     0.000      0.000            0.000 0.470          0          15 
    mgc_reg_pos(3,0,0,1,1,0,0)           0.000     0.000      0.000            0.000 0.470          0           1 
    mgc_reg_pos(48,0,0,0,0,0,0)          0.000     0.000      0.000            0.000 0.470          0           2 
    mgc_reg_pos(52,0,0,0,0,0,0)          0.000     0.000      0.000            0.000 0.470          0           2 
                                                                                                                  
    TOTAL AREA (After Assignment):    3069.611     4.000    670.000          128.000                              
    
  Area Scores
                      Post-Scheduling   Post-DP & FSM Post-Assignment 
    ----------------- --------------- --------------- ---------------
    Total Area Score:   3545.6          3453.8          3069.6        
    Total Reg:             0.0             0.0             0.0        
                                                                      
    DataPath:           3545.6 (100%)   3453.8 (100%)   3069.6 (100%) 
      MUX:               913.6  (26%)    776.8  (22%)    398.6  (13%) 
      FUNC:             2532.0  (71%)   2532.0  (73%)   2532.0  (82%) 
      LOGIC:             100.0   (3%)    145.0   (4%)    139.0   (5%) 
      BUFFER:              0.0             0.0             0.0        
      MEM:                 0.0             0.0             0.0        
      ROM:                 0.0             0.0             0.0        
      REG:                 0.0             0.0             0.0        
                                                                      
    
    FSM:                   0.0             0.0             0.0        
      FSM-REG:             0.0             0.0             0.0        
      FSM-COMB:            0.0             0.0             0.0        
                                                                      
    
  Register-to-Variable Mappings
    Register                             Size(bits) Gated Register CG Opt Done Variables                                             
    ------------------------------------ ---------- -------------- ----------- -----------------------------------------------------
    acc#1.lpi#1                                  52                            acc#1.lpi#1                                           
    while:while:and.itm.1                        52                            while:while:and.itm.1                                 
    MAC-1:mul.itm.1                              48                            MAC-1:mul.itm.1                                       
    MAC-2:mul.itm.1                              48                            MAC-2:mul.itm.1                                       
    MAC:mux1h#1.itm.1                            24                            MAC:mux1h#1.itm.1                                     
    MAC:mux1h#2.itm.1                            24                            MAC:mux1h#2.itm.1                                     
    MAC:mux1h#3.itm.1                            24                            MAC:mux1h#3.itm.1                                     
    MAC:mux1h.itm.1                              24                            MAC:mux1h.itm.1                                       
    taps(0).sva                                  24         Y           Y      taps(0).sva                                           
    taps(1).sva                                  24         Y           Y      taps(1).sva                                           
    taps(10).sva                                 24         Y           Y      taps(10).sva                                          
    taps(11).sva                                 24         Y           Y      taps(11).sva                                          
    taps(12).sva                                 24         Y           Y      taps(12).sva                                          
    taps(13).sva                                 24         Y           Y      taps(13).sva                                          
    taps(14).sva                                 24         Y           Y      taps(14).sva                                          
    taps(15).lpi#1.dfm#1                         24         Y           Y      taps(15).lpi#1.dfm#1                                  
    taps(2).sva                                  24         Y           Y      taps(2).sva                                           
    taps(3).sva                                  24         Y           Y      taps(3).sva                                           
    taps(4).sva                                  24         Y           Y      taps(4).sva                                           
    taps(5).sva                                  24         Y           Y      taps(5).sva                                           
    taps(6).sva                                  24         Y           Y      taps(6).sva                                           
    taps(7).sva                                  24         Y           Y      taps(7).sva                                           
    taps(8).sva                                  24         Y           Y      taps(8).sva                                           
    taps(9).sva                                  24         Y           Y      taps(9).sva                                           
    while:if:while:if:nor#3                      22         Y           Y      while:if:while:if:nor#3                               
    MAC:i(4:1).lpi#1(2:0)                         3                            MAC:i(4:1).lpi#1(2:0)                                 
    MAC:i:slc(MAC:i(4:1))(3)#1.itm.1              1                            MAC:i:slc(MAC:i(4:1))(3)#1.itm.1                      
    MAC:i:slc(MAC:i(4:1))(3)#1.itm.2              1                            MAC:i:slc(MAC:i(4:1))(3)#1.itm.2                      
    exitL:exit:MAC.lpi#1.dfm                      1                            exitL:exit:MAC.lpi#1.dfm                              
    exitL:exitL:exit:MAC.sva                      1                            exitL:exitL:exit:MAC.sva                              
    lfst:exitL:exit:MAC.lpi#1.dfm.1               1                            lfst:exitL:exit:MAC.lpi#1.dfm.1                       
    new_sample__wr.sva                            1                            new_sample__wr.sva                                    
    valid_out                                     1         Y           Y      valid_out                                             
    while.stage_0.2                               1                            while.stage_0.2                                       
    while.stage_0.3                               1                            while.stage_0.3                                       
    while:asn.sft.lpi#1.dfm.2                     1                            while:asn.sft.lpi#1.dfm.2                             
                                                                               while:else:land.lpi#1.dfm.st.1                        
    while:asn.sft.lpi#1.dfm.st.1                  1                            while:asn.sft.lpi#1.dfm.st.1                          
    while:asn.sft.lpi#1.dfm.st.2                  1                            while:asn.sft.lpi#1.dfm.st.2                          
    while:else:land.lpi#1.dfm.st.2                1                            while:else:land.lpi#1.dfm.st.2                        
    while:if:slc(while:if:acc.sat)(29)#3          1         Y           Y      while:if:slc(while:if:acc.sat)(29)#3                  
    while:if:while:if:nor#4                       1         Y           Y      while:if:while:if:nor#4                               
                                                                                                                                     
    Total:                                      720            409         409 (Total Gating Ratio: 0.57, CG Opt Gating Ratio: 0.57) 
    
  Timing Report
    Critical Path
      Max Delay:  10.580001999999999
      Slack:      -0.5800019999999986
      
      Path                                                                Startpoint                                Endpoint                                          Delay   Slack   
      ------------------------------------------------------------------- ----------------------------------------- ------------------------------------------------- ------- -------
      1                                                                   top_level:FIR_FILTER/reg(MAC-1:mul.itm.1) top_level:FIR_FILTER/reg(while:if:while:if:nor#4) 10.5800 -0.5800 
                                                                                                                                                                                      
        Instance                                                          Component                                                                                   Delta   Delay   
        --------                                                          ---------                                                                                   -----   -----   
        top_level:FIR_FILTER/reg(MAC-1:mul.itm.1)                         mgc_reg_pos_48_0_0_0_0_0_0                                                                  0.4700  0.4700  
        top_level:FIR_FILTER/MAC-1:mul.itm.1                                                                                                                          0.0000  0.4700  
        top_level:FIR_FILTER/MAC:acc                                      mgc_addc_48_1_48_1_49                                                                       2.2950  2.7650  
        top_level:FIR_FILTER/MAC:acc.itm                                                                                                                              0.0000  2.7650  
        top_level:FIR_FILTER/MAC-2:acc#1                                  mgc_addc_52_0_49_1_52                                                                       2.3950  5.1600  
        top_level:FIR_FILTER/acc#1.sva#2                                                                                                                              0.0000  5.1600  
        top_level:FIR_FILTER/acc:static_init:slc(acc#1.sva#2)(51)                                                                                                     0.0000  5.1600  
        top_level:FIR_FILTER/acc:static_init:slc(acc#1.sva#2)(51).itm                                                                                                 0.0000  5.1600  
        top_level:FIR_FILTER/while:if:not                                 mgc_not_1                                                                                   0.0000  5.1600  
        top_level:FIR_FILTER/while:if:not.itm                                                                                                                         0.0000  5.1600  
        top_level:FIR_FILTER/while:if:or                                  mgc_or_1_23                                                                                 1.2000  6.3600  
        top_level:FIR_FILTER/while:if:or.itm                                                                                                                          0.0000  6.3600  
        top_level:FIR_FILTER/while:if:and                                 mgc_and_1_2                                                                                 0.6000  6.9600  
        top_level:FIR_FILTER/while:if:and.itm                                                                                                                         0.0000  6.9600  
        top_level:FIR_FILTER/while:if:acc                                 mgc_addc_29_1_1_0_30                                                                        1.8200  8.7800  
        top_level:FIR_FILTER/while:if:acc.sat.sva#1                                                                                                                   0.0000  8.7800  
        top_level:FIR_FILTER/while:if:slc(while:if:acc.sat.sva#1)(23)                                                                                                 0.0000  8.7800  
        top_level:FIR_FILTER/while:if:slc(while:if:acc.sat.sva#1)(23).itm                                                                                             0.0000  8.7800  
        top_level:FIR_FILTER/while:if:nor#1                               mgc_nor_1_6                                                                                 0.6000  9.3800  
        top_level:FIR_FILTER/while:if:nor#1.itm                                                                                                                       0.0000  9.3800  
        top_level:FIR_FILTER/while:if:nor                                 mgc_nor_1_2                                                                                 0.6000  9.9800  
        top_level:FIR_FILTER/while:if:nor.ovfl.sva#1                                                                                                                  0.0000  9.9800  
        top_level:FIR_FILTER/while:if:nor#4                               mgc_nor_1_2                                                                                 0.0000  9.9800  
        top_level:FIR_FILTER/while:if:nor#4.itm                                                                                                                       0.0000  9.9800  
        top_level:FIR_FILTER/while:if:while:if:nor#2                      mgc_nor_1_2                                                                                 0.6000  10.5800 
        top_level:FIR_FILTER/while:if:while:if:nor#2.itm                                                                                                              0.0000  10.5800 
        top_level:FIR_FILTER/reg(while:if:while:if:nor#4)                 mgc_reg_pos_1_0_0_0_0_1_1                                                                   0.0000  10.5800 
                                                                                                                                                                                      
      2                                                                   top_level:FIR_FILTER/reg(MAC-1:mul.itm.1) top_level:FIR_FILTER/reg(while:if:while:if:nor#3) 10.5800 -0.5800 
                                                                                                                                                                                      
        Instance                                                          Component                                                                                   Delta   Delay   
        --------                                                          ---------                                                                                   -----   -----   
        top_level:FIR_FILTER/reg(MAC-1:mul.itm.1)                         mgc_reg_pos_48_0_0_0_0_0_0                                                                  0.4700  0.4700  
        top_level:FIR_FILTER/MAC-1:mul.itm.1                                                                                                                          0.0000  0.4700  
        top_level:FIR_FILTER/MAC:acc                                      mgc_addc_48_1_48_1_49                                                                       2.2950  2.7650  
        top_level:FIR_FILTER/MAC:acc.itm                                                                                                                              0.0000  2.7650  
        top_level:FIR_FILTER/MAC-2:acc#1                                  mgc_addc_52_0_49_1_52                                                                       2.3950  5.1600  
        top_level:FIR_FILTER/acc#1.sva#2                                                                                                                              0.0000  5.1600  
        top_level:FIR_FILTER/acc:static_init:slc(acc#1.sva#2)(51)                                                                                                     0.0000  5.1600  
        top_level:FIR_FILTER/acc:static_init:slc(acc#1.sva#2)(51).itm                                                                                                 0.0000  5.1600  
        top_level:FIR_FILTER/while:if:not                                 mgc_not_1                                                                                   0.0000  5.1600  
        top_level:FIR_FILTER/while:if:not.itm                                                                                                                         0.0000  5.1600  
        top_level:FIR_FILTER/while:if:or                                  mgc_or_1_23                                                                                 1.2000  6.3600  
        top_level:FIR_FILTER/while:if:or.itm                                                                                                                          0.0000  6.3600  
        top_level:FIR_FILTER/while:if:and                                 mgc_and_1_2                                                                                 0.6000  6.9600  
        top_level:FIR_FILTER/while:if:and.itm                                                                                                                         0.0000  6.9600  
        top_level:FIR_FILTER/while:if:acc                                 mgc_addc_29_1_1_0_30                                                                        1.8200  8.7800  
        top_level:FIR_FILTER/while:if:acc.sat.sva#1                                                                                                                   0.0000  8.7800  
        top_level:FIR_FILTER/while:if:slc(while:if:acc.sat.sva#1)(23)                                                                                                 0.0000  8.7800  
        top_level:FIR_FILTER/while:if:slc(while:if:acc.sat.sva#1)(23).itm                                                                                             0.0000  8.7800  
        top_level:FIR_FILTER/while:if:nor#1                               mgc_nor_1_6                                                                                 0.6000  9.3800  
        top_level:FIR_FILTER/while:if:nor#1.itm                                                                                                                       0.0000  9.3800  
        top_level:FIR_FILTER/while:if:nor                                 mgc_nor_1_2                                                                                 0.6000  9.9800  
        top_level:FIR_FILTER/while:if:nor.ovfl.sva#1                                                                                                                  0.0000  9.9800  
        top_level:FIR_FILTER/while:if:exs                                                                                                                             0.0000  9.9800  
        top_level:FIR_FILTER/while:if:exs.itm                                                                                                                         0.0000  9.9800  
        top_level:FIR_FILTER/while:if:nor#3                               mgc_nor_22_2                                                                                0.0000  9.9800  
        top_level:FIR_FILTER/while:if:nor#3.itm                                                                                                                       0.0000  9.9800  
        top_level:FIR_FILTER/while:if:while:if:nor#1                      mgc_nor_22_2                                                                                0.6000  10.5800 
        top_level:FIR_FILTER/while:if:while:if:nor#1.itm                                                                                                              0.0000  10.5800 
        top_level:FIR_FILTER/reg(while:if:while:if:nor#3)                 mgc_reg_pos_22_0_0_0_0_1_1                                                                  0.0000  10.5800 
                                                                                                                                                                                      
      3                                                                   top_level:FIR_FILTER/reg(MAC-1:mul.itm.1) top_level:FIR_FILTER/reg(while:if:while:if:nor#3) 10.5800 -0.5800 
                                                                                                                                                                                      
        Instance                                                          Component                                                                                   Delta   Delay   
        --------                                                          ---------                                                                                   -----   -----   
        top_level:FIR_FILTER/reg(MAC-1:mul.itm.1)                         mgc_reg_pos_48_0_0_0_0_0_0                                                                  0.4700  0.4700  
        top_level:FIR_FILTER/MAC-1:mul.itm.1                                                                                                                          0.0000  0.4700  
        top_level:FIR_FILTER/MAC:acc                                      mgc_addc_48_1_48_1_49                                                                       2.2950  2.7650  
        top_level:FIR_FILTER/MAC:acc.itm                                                                                                                              0.0000  2.7650  
        top_level:FIR_FILTER/MAC-2:acc#1                                  mgc_addc_52_0_49_1_52                                                                       2.3950  5.1600  
        top_level:FIR_FILTER/acc#1.sva#2                                                                                                                              0.0000  5.1600  
        top_level:FIR_FILTER/acc:static_init:slc(acc#1.sva#2)(51)                                                                                                     0.0000  5.1600  
        top_level:FIR_FILTER/acc:static_init:slc(acc#1.sva#2)(51).itm                                                                                                 0.0000  5.1600  
        top_level:FIR_FILTER/while:if:not                                 mgc_not_1                                                                                   0.0000  5.1600  
        top_level:FIR_FILTER/while:if:not.itm                                                                                                                         0.0000  5.1600  
        top_level:FIR_FILTER/while:if:or                                  mgc_or_1_23                                                                                 1.2000  6.3600  
        top_level:FIR_FILTER/while:if:or.itm                                                                                                                          0.0000  6.3600  
        top_level:FIR_FILTER/while:if:and                                 mgc_and_1_2                                                                                 0.6000  6.9600  
        top_level:FIR_FILTER/while:if:and.itm                                                                                                                         0.0000  6.9600  
        top_level:FIR_FILTER/while:if:acc                                 mgc_addc_29_1_1_0_30                                                                        1.8200  8.7800  
        top_level:FIR_FILTER/while:if:acc.sat.sva#1                                                                                                                   0.0000  8.7800  
        top_level:FIR_FILTER/while:if:slc(while:if:acc.sat.sva#1)(26)                                                                                                 0.0000  8.7800  
        top_level:FIR_FILTER/while:if:slc(while:if:acc.sat.sva#1)(26).itm                                                                                             0.0000  8.7800  
        top_level:FIR_FILTER/while:if:nor#1                               mgc_nor_1_6                                                                                 0.6000  9.3800  
        top_level:FIR_FILTER/while:if:nor#1.itm                                                                                                                       0.0000  9.3800  
        top_level:FIR_FILTER/while:if:nor                                 mgc_nor_1_2                                                                                 0.6000  9.9800  
        top_level:FIR_FILTER/while:if:nor.ovfl.sva#1                                                                                                                  0.0000  9.9800  
        top_level:FIR_FILTER/while:if:exs                                                                                                                             0.0000  9.9800  
        top_level:FIR_FILTER/while:if:exs.itm                                                                                                                         0.0000  9.9800  
        top_level:FIR_FILTER/while:if:nor#3                               mgc_nor_22_2                                                                                0.0000  9.9800  
        top_level:FIR_FILTER/while:if:nor#3.itm                                                                                                                       0.0000  9.9800  
        top_level:FIR_FILTER/while:if:while:if:nor#1                      mgc_nor_22_2                                                                                0.6000  10.5800 
        top_level:FIR_FILTER/while:if:while:if:nor#1.itm                                                                                                              0.0000  10.5800 
        top_level:FIR_FILTER/reg(while:if:while:if:nor#3)                 mgc_reg_pos_22_0_0_0_0_1_1                                                                  0.0000  10.5800 
                                                                                                                                                                                      
      4                                                                   top_level:FIR_FILTER/reg(MAC-1:mul.itm.1) top_level:FIR_FILTER/reg(while:if:while:if:nor#3) 10.5800 -0.5800 
                                                                                                                                                                                      
        Instance                                                          Component                                                                                   Delta   Delay   
        --------                                                          ---------                                                                                   -----   -----   
        top_level:FIR_FILTER/reg(MAC-1:mul.itm.1)                         mgc_reg_pos_48_0_0_0_0_0_0                                                                  0.4700  0.4700  
        top_level:FIR_FILTER/MAC-1:mul.itm.1                                                                                                                          0.0000  0.4700  
        top_level:FIR_FILTER/MAC:acc                                      mgc_addc_48_1_48_1_49                                                                       2.2950  2.7650  
        top_level:FIR_FILTER/MAC:acc.itm                                                                                                                              0.0000  2.7650  
        top_level:FIR_FILTER/MAC-2:acc#1                                  mgc_addc_52_0_49_1_52                                                                       2.3950  5.1600  
        top_level:FIR_FILTER/acc#1.sva#2                                                                                                                              0.0000  5.1600  
        top_level:FIR_FILTER/acc:static_init:slc(acc#1.sva#2)(51)                                                                                                     0.0000  5.1600  
        top_level:FIR_FILTER/acc:static_init:slc(acc#1.sva#2)(51).itm                                                                                                 0.0000  5.1600  
        top_level:FIR_FILTER/while:if:not                                 mgc_not_1                                                                                   0.0000  5.1600  
        top_level:FIR_FILTER/while:if:not.itm                                                                                                                         0.0000  5.1600  
        top_level:FIR_FILTER/while:if:or                                  mgc_or_1_23                                                                                 1.2000  6.3600  
        top_level:FIR_FILTER/while:if:or.itm                                                                                                                          0.0000  6.3600  
        top_level:FIR_FILTER/while:if:and                                 mgc_and_1_2                                                                                 0.6000  6.9600  
        top_level:FIR_FILTER/while:if:and.itm                                                                                                                         0.0000  6.9600  
        top_level:FIR_FILTER/while:if:acc                                 mgc_addc_29_1_1_0_30                                                                        1.8200  8.7800  
        top_level:FIR_FILTER/while:if:acc.sat.sva#1                                                                                                                   0.0000  8.7800  
        top_level:FIR_FILTER/while:if:slc(while:if:acc.sat.sva#1)(28)                                                                                                 0.0000  8.7800  
        top_level:FIR_FILTER/while:if:slc(while:if:acc.sat.sva#1)(28).itm                                                                                             0.0000  8.7800  
        top_level:FIR_FILTER/while:if:nor#1                               mgc_nor_1_6                                                                                 0.6000  9.3800  
        top_level:FIR_FILTER/while:if:nor#1.itm                                                                                                                       0.0000  9.3800  
        top_level:FIR_FILTER/while:if:nor                                 mgc_nor_1_2                                                                                 0.6000  9.9800  
        top_level:FIR_FILTER/while:if:nor.ovfl.sva#1                                                                                                                  0.0000  9.9800  
        top_level:FIR_FILTER/while:if:exs                                                                                                                             0.0000  9.9800  
        top_level:FIR_FILTER/while:if:exs.itm                                                                                                                         0.0000  9.9800  
        top_level:FIR_FILTER/while:if:nor#3                               mgc_nor_22_2                                                                                0.0000  9.9800  
        top_level:FIR_FILTER/while:if:nor#3.itm                                                                                                                       0.0000  9.9800  
        top_level:FIR_FILTER/while:if:while:if:nor#1                      mgc_nor_22_2                                                                                0.6000  10.5800 
        top_level:FIR_FILTER/while:if:while:if:nor#1.itm                                                                                                              0.0000  10.5800 
        top_level:FIR_FILTER/reg(while:if:while:if:nor#3)                 mgc_reg_pos_22_0_0_0_0_1_1                                                                  0.0000  10.5800 
                                                                                                                                                                                      
      5                                                                   top_level:FIR_FILTER/reg(MAC-1:mul.itm.1) top_level:FIR_FILTER/reg(while:if:while:if:nor#3) 10.5800 -0.5800 
                                                                                                                                                                                      
        Instance                                                          Component                                                                                   Delta   Delay   
        --------                                                          ---------                                                                                   -----   -----   
        top_level:FIR_FILTER/reg(MAC-1:mul.itm.1)                         mgc_reg_pos_48_0_0_0_0_0_0                                                                  0.4700  0.4700  
        top_level:FIR_FILTER/MAC-1:mul.itm.1                                                                                                                          0.0000  0.4700  
        top_level:FIR_FILTER/MAC:acc                                      mgc_addc_48_1_48_1_49                                                                       2.2950  2.7650  
        top_level:FIR_FILTER/MAC:acc.itm                                                                                                                              0.0000  2.7650  
        top_level:FIR_FILTER/MAC-2:acc#1                                  mgc_addc_52_0_49_1_52                                                                       2.3950  5.1600  
        top_level:FIR_FILTER/acc#1.sva#2                                                                                                                              0.0000  5.1600  
        top_level:FIR_FILTER/acc:static_init:slc(acc#1.sva#2)(51)                                                                                                     0.0000  5.1600  
        top_level:FIR_FILTER/acc:static_init:slc(acc#1.sva#2)(51).itm                                                                                                 0.0000  5.1600  
        top_level:FIR_FILTER/while:if:not                                 mgc_not_1                                                                                   0.0000  5.1600  
        top_level:FIR_FILTER/while:if:not.itm                                                                                                                         0.0000  5.1600  
        top_level:FIR_FILTER/while:if:or                                  mgc_or_1_23                                                                                 1.2000  6.3600  
        top_level:FIR_FILTER/while:if:or.itm                                                                                                                          0.0000  6.3600  
        top_level:FIR_FILTER/while:if:and                                 mgc_and_1_2                                                                                 0.6000  6.9600  
        top_level:FIR_FILTER/while:if:and.itm                                                                                                                         0.0000  6.9600  
        top_level:FIR_FILTER/while:if:acc                                 mgc_addc_29_1_1_0_30                                                                        1.8200  8.7800  
        top_level:FIR_FILTER/while:if:acc.sat.sva#1                                                                                                                   0.0000  8.7800  
        top_level:FIR_FILTER/while:if:slc(while:if:acc.sat.sva#1)(24)                                                                                                 0.0000  8.7800  
        top_level:FIR_FILTER/while:if:slc(while:if:acc.sat.sva#1)(24).itm                                                                                             0.0000  8.7800  
        top_level:FIR_FILTER/while:if:nor#1                               mgc_nor_1_6                                                                                 0.6000  9.3800  
        top_level:FIR_FILTER/while:if:nor#1.itm                                                                                                                       0.0000  9.3800  
        top_level:FIR_FILTER/while:if:nor                                 mgc_nor_1_2                                                                                 0.6000  9.9800  
        top_level:FIR_FILTER/while:if:nor.ovfl.sva#1                                                                                                                  0.0000  9.9800  
        top_level:FIR_FILTER/while:if:exs                                                                                                                             0.0000  9.9800  
        top_level:FIR_FILTER/while:if:exs.itm                                                                                                                         0.0000  9.9800  
        top_level:FIR_FILTER/while:if:nor#3                               mgc_nor_22_2                                                                                0.0000  9.9800  
        top_level:FIR_FILTER/while:if:nor#3.itm                                                                                                                       0.0000  9.9800  
        top_level:FIR_FILTER/while:if:while:if:nor#1                      mgc_nor_22_2                                                                                0.6000  10.5800 
        top_level:FIR_FILTER/while:if:while:if:nor#1.itm                                                                                                              0.0000  10.5800 
        top_level:FIR_FILTER/reg(while:if:while:if:nor#3)                 mgc_reg_pos_22_0_0_0_0_1_1                                                                  0.0000  10.5800 
                                                                                                                                                                                      
      6                                                                   top_level:FIR_FILTER/reg(MAC-1:mul.itm.1) top_level:FIR_FILTER/reg(while:if:while:if:nor#3) 10.5800 -0.5800 
                                                                                                                                                                                      
        Instance                                                          Component                                                                                   Delta   Delay   
        --------                                                          ---------                                                                                   -----   -----   
        top_level:FIR_FILTER/reg(MAC-1:mul.itm.1)                         mgc_reg_pos_48_0_0_0_0_0_0                                                                  0.4700  0.4700  
        top_level:FIR_FILTER/MAC-1:mul.itm.1                                                                                                                          0.0000  0.4700  
        top_level:FIR_FILTER/MAC:acc                                      mgc_addc_48_1_48_1_49                                                                       2.2950  2.7650  
        top_level:FIR_FILTER/MAC:acc.itm                                                                                                                              0.0000  2.7650  
        top_level:FIR_FILTER/MAC-2:acc#1                                  mgc_addc_52_0_49_1_52                                                                       2.3950  5.1600  
        top_level:FIR_FILTER/acc#1.sva#2                                                                                                                              0.0000  5.1600  
        top_level:FIR_FILTER/acc:static_init:slc(acc#1.sva#2)(51)                                                                                                     0.0000  5.1600  
        top_level:FIR_FILTER/acc:static_init:slc(acc#1.sva#2)(51).itm                                                                                                 0.0000  5.1600  
        top_level:FIR_FILTER/while:if:not                                 mgc_not_1                                                                                   0.0000  5.1600  
        top_level:FIR_FILTER/while:if:not.itm                                                                                                                         0.0000  5.1600  
        top_level:FIR_FILTER/while:if:or                                  mgc_or_1_23                                                                                 1.2000  6.3600  
        top_level:FIR_FILTER/while:if:or.itm                                                                                                                          0.0000  6.3600  
        top_level:FIR_FILTER/while:if:and                                 mgc_and_1_2                                                                                 0.6000  6.9600  
        top_level:FIR_FILTER/while:if:and.itm                                                                                                                         0.0000  6.9600  
        top_level:FIR_FILTER/while:if:acc                                 mgc_addc_29_1_1_0_30                                                                        1.8200  8.7800  
        top_level:FIR_FILTER/while:if:acc.sat.sva#1                                                                                                                   0.0000  8.7800  
        top_level:FIR_FILTER/while:if:slc(while:if:acc.sat.sva#1)(25)                                                                                                 0.0000  8.7800  
        top_level:FIR_FILTER/while:if:slc(while:if:acc.sat.sva#1)(25).itm                                                                                             0.0000  8.7800  
        top_level:FIR_FILTER/while:if:nor#1                               mgc_nor_1_6                                                                                 0.6000  9.3800  
        top_level:FIR_FILTER/while:if:nor#1.itm                                                                                                                       0.0000  9.3800  
        top_level:FIR_FILTER/while:if:nor                                 mgc_nor_1_2                                                                                 0.6000  9.9800  
        top_level:FIR_FILTER/while:if:nor.ovfl.sva#1                                                                                                                  0.0000  9.9800  
        top_level:FIR_FILTER/while:if:exs                                                                                                                             0.0000  9.9800  
        top_level:FIR_FILTER/while:if:exs.itm                                                                                                                         0.0000  9.9800  
        top_level:FIR_FILTER/while:if:nor#3                               mgc_nor_22_2                                                                                0.0000  9.9800  
        top_level:FIR_FILTER/while:if:nor#3.itm                                                                                                                       0.0000  9.9800  
        top_level:FIR_FILTER/while:if:while:if:nor#1                      mgc_nor_22_2                                                                                0.6000  10.5800 
        top_level:FIR_FILTER/while:if:while:if:nor#1.itm                                                                                                              0.0000  10.5800 
        top_level:FIR_FILTER/reg(while:if:while:if:nor#3)                 mgc_reg_pos_22_0_0_0_0_1_1                                                                  0.0000  10.5800 
                                                                                                                                                                                      
      7                                                                   top_level:FIR_FILTER/reg(MAC-2:mul.itm.1) top_level:FIR_FILTER/reg(while:if:while:if:nor#3) 10.5800 -0.5800 
                                                                                                                                                                                      
        Instance                                                          Component                                                                                   Delta   Delay   
        --------                                                          ---------                                                                                   -----   -----   
        top_level:FIR_FILTER/reg(MAC-2:mul.itm.1)                         mgc_reg_pos_48_0_0_0_0_0_0                                                                  0.4700  0.4700  
        top_level:FIR_FILTER/MAC-2:mul.itm.1                                                                                                                          0.0000  0.4700  
        top_level:FIR_FILTER/MAC:acc                                      mgc_addc_48_1_48_1_49                                                                       2.2950  2.7650  
        top_level:FIR_FILTER/MAC:acc.itm                                                                                                                              0.0000  2.7650  
        top_level:FIR_FILTER/MAC-2:acc#1                                  mgc_addc_52_0_49_1_52                                                                       2.3950  5.1600  
        top_level:FIR_FILTER/acc#1.sva#2                                                                                                                              0.0000  5.1600  
        top_level:FIR_FILTER/acc:static_init:slc(acc#1.sva#2)(51)                                                                                                     0.0000  5.1600  
        top_level:FIR_FILTER/acc:static_init:slc(acc#1.sva#2)(51).itm                                                                                                 0.0000  5.1600  
        top_level:FIR_FILTER/while:if:not                                 mgc_not_1                                                                                   0.0000  5.1600  
        top_level:FIR_FILTER/while:if:not.itm                                                                                                                         0.0000  5.1600  
        top_level:FIR_FILTER/while:if:or                                  mgc_or_1_23                                                                                 1.2000  6.3600  
        top_level:FIR_FILTER/while:if:or.itm                                                                                                                          0.0000  6.3600  
        top_level:FIR_FILTER/while:if:and                                 mgc_and_1_2                                                                                 0.6000  6.9600  
        top_level:FIR_FILTER/while:if:and.itm                                                                                                                         0.0000  6.9600  
        top_level:FIR_FILTER/while:if:acc                                 mgc_addc_29_1_1_0_30                                                                        1.8200  8.7800  
        top_level:FIR_FILTER/while:if:acc.sat.sva#1                                                                                                                   0.0000  8.7800  
        top_level:FIR_FILTER/while:if:slc(while:if:acc.sat.sva#1)(25)                                                                                                 0.0000  8.7800  
        top_level:FIR_FILTER/while:if:slc(while:if:acc.sat.sva#1)(25).itm                                                                                             0.0000  8.7800  
        top_level:FIR_FILTER/while:if:nor#1                               mgc_nor_1_6                                                                                 0.6000  9.3800  
        top_level:FIR_FILTER/while:if:nor#1.itm                                                                                                                       0.0000  9.3800  
        top_level:FIR_FILTER/while:if:nor                                 mgc_nor_1_2                                                                                 0.6000  9.9800  
        top_level:FIR_FILTER/while:if:nor.ovfl.sva#1                                                                                                                  0.0000  9.9800  
        top_level:FIR_FILTER/while:if:exs                                                                                                                             0.0000  9.9800  
        top_level:FIR_FILTER/while:if:exs.itm                                                                                                                         0.0000  9.9800  
        top_level:FIR_FILTER/while:if:nor#3                               mgc_nor_22_2                                                                                0.0000  9.9800  
        top_level:FIR_FILTER/while:if:nor#3.itm                                                                                                                       0.0000  9.9800  
        top_level:FIR_FILTER/while:if:while:if:nor#1                      mgc_nor_22_2                                                                                0.6000  10.5800 
        top_level:FIR_FILTER/while:if:while:if:nor#1.itm                                                                                                              0.0000  10.5800 
        top_level:FIR_FILTER/reg(while:if:while:if:nor#3)                 mgc_reg_pos_22_0_0_0_0_1_1                                                                  0.0000  10.5800 
                                                                                                                                                                                      
      8                                                                   top_level:FIR_FILTER/reg(MAC-1:mul.itm.1) top_level:FIR_FILTER/reg(while:if:while:if:nor#3) 10.5800 -0.5800 
                                                                                                                                                                                      
        Instance                                                          Component                                                                                   Delta   Delay   
        --------                                                          ---------                                                                                   -----   -----   
        top_level:FIR_FILTER/reg(MAC-1:mul.itm.1)                         mgc_reg_pos_48_0_0_0_0_0_0                                                                  0.4700  0.4700  
        top_level:FIR_FILTER/MAC-1:mul.itm.1                                                                                                                          0.0000  0.4700  
        top_level:FIR_FILTER/MAC:acc                                      mgc_addc_48_1_48_1_49                                                                       2.2950  2.7650  
        top_level:FIR_FILTER/MAC:acc.itm                                                                                                                              0.0000  2.7650  
        top_level:FIR_FILTER/MAC-2:acc#1                                  mgc_addc_52_0_49_1_52                                                                       2.3950  5.1600  
        top_level:FIR_FILTER/acc#1.sva#2                                                                                                                              0.0000  5.1600  
        top_level:FIR_FILTER/acc:static_init:slc(acc#1.sva#2)(51)                                                                                                     0.0000  5.1600  
        top_level:FIR_FILTER/acc:static_init:slc(acc#1.sva#2)(51).itm                                                                                                 0.0000  5.1600  
        top_level:FIR_FILTER/while:if:not                                 mgc_not_1                                                                                   0.0000  5.1600  
        top_level:FIR_FILTER/while:if:not.itm                                                                                                                         0.0000  5.1600  
        top_level:FIR_FILTER/while:if:or                                  mgc_or_1_23                                                                                 1.2000  6.3600  
        top_level:FIR_FILTER/while:if:or.itm                                                                                                                          0.0000  6.3600  
        top_level:FIR_FILTER/while:if:and                                 mgc_and_1_2                                                                                 0.6000  6.9600  
        top_level:FIR_FILTER/while:if:and.itm                                                                                                                         0.0000  6.9600  
        top_level:FIR_FILTER/while:if:acc                                 mgc_addc_29_1_1_0_30                                                                        1.8200  8.7800  
        top_level:FIR_FILTER/while:if:acc.sat.sva#1                                                                                                                   0.0000  8.7800  
        top_level:FIR_FILTER/while:if:slc(while:if:acc.sat.sva#1)(27)                                                                                                 0.0000  8.7800  
        top_level:FIR_FILTER/while:if:slc(while:if:acc.sat.sva#1)(27).itm                                                                                             0.0000  8.7800  
        top_level:FIR_FILTER/while:if:nor#1                               mgc_nor_1_6                                                                                 0.6000  9.3800  
        top_level:FIR_FILTER/while:if:nor#1.itm                                                                                                                       0.0000  9.3800  
        top_level:FIR_FILTER/while:if:nor                                 mgc_nor_1_2                                                                                 0.6000  9.9800  
        top_level:FIR_FILTER/while:if:nor.ovfl.sva#1                                                                                                                  0.0000  9.9800  
        top_level:FIR_FILTER/while:if:exs                                                                                                                             0.0000  9.9800  
        top_level:FIR_FILTER/while:if:exs.itm                                                                                                                         0.0000  9.9800  
        top_level:FIR_FILTER/while:if:nor#3                               mgc_nor_22_2                                                                                0.0000  9.9800  
        top_level:FIR_FILTER/while:if:nor#3.itm                                                                                                                       0.0000  9.9800  
        top_level:FIR_FILTER/while:if:while:if:nor#1                      mgc_nor_22_2                                                                                0.6000  10.5800 
        top_level:FIR_FILTER/while:if:while:if:nor#1.itm                                                                                                              0.0000  10.5800 
        top_level:FIR_FILTER/reg(while:if:while:if:nor#3)                 mgc_reg_pos_22_0_0_0_0_1_1                                                                  0.0000  10.5800 
                                                                                                                                                                                      
      9                                                                   top_level:FIR_FILTER/reg(MAC-2:mul.itm.1) top_level:FIR_FILTER/reg(while:if:while:if:nor#3) 10.5800 -0.5800 
                                                                                                                                                                                      
        Instance                                                          Component                                                                                   Delta   Delay   
        --------                                                          ---------                                                                                   -----   -----   
        top_level:FIR_FILTER/reg(MAC-2:mul.itm.1)                         mgc_reg_pos_48_0_0_0_0_0_0                                                                  0.4700  0.4700  
        top_level:FIR_FILTER/MAC-2:mul.itm.1                                                                                                                          0.0000  0.4700  
        top_level:FIR_FILTER/MAC:acc                                      mgc_addc_48_1_48_1_49                                                                       2.2950  2.7650  
        top_level:FIR_FILTER/MAC:acc.itm                                                                                                                              0.0000  2.7650  
        top_level:FIR_FILTER/MAC-2:acc#1                                  mgc_addc_52_0_49_1_52                                                                       2.3950  5.1600  
        top_level:FIR_FILTER/acc#1.sva#2                                                                                                                              0.0000  5.1600  
        top_level:FIR_FILTER/acc:static_init:slc(acc#1.sva#2)(51)                                                                                                     0.0000  5.1600  
        top_level:FIR_FILTER/acc:static_init:slc(acc#1.sva#2)(51).itm                                                                                                 0.0000  5.1600  
        top_level:FIR_FILTER/while:if:not                                 mgc_not_1                                                                                   0.0000  5.1600  
        top_level:FIR_FILTER/while:if:not.itm                                                                                                                         0.0000  5.1600  
        top_level:FIR_FILTER/while:if:or                                  mgc_or_1_23                                                                                 1.2000  6.3600  
        top_level:FIR_FILTER/while:if:or.itm                                                                                                                          0.0000  6.3600  
        top_level:FIR_FILTER/while:if:and                                 mgc_and_1_2                                                                                 0.6000  6.9600  
        top_level:FIR_FILTER/while:if:and.itm                                                                                                                         0.0000  6.9600  
        top_level:FIR_FILTER/while:if:acc                                 mgc_addc_29_1_1_0_30                                                                        1.8200  8.7800  
        top_level:FIR_FILTER/while:if:acc.sat.sva#1                                                                                                                   0.0000  8.7800  
        top_level:FIR_FILTER/while:if:slc(while:if:acc.sat.sva#1)(27)                                                                                                 0.0000  8.7800  
        top_level:FIR_FILTER/while:if:slc(while:if:acc.sat.sva#1)(27).itm                                                                                             0.0000  8.7800  
        top_level:FIR_FILTER/while:if:nor#1                               mgc_nor_1_6                                                                                 0.6000  9.3800  
        top_level:FIR_FILTER/while:if:nor#1.itm                                                                                                                       0.0000  9.3800  
        top_level:FIR_FILTER/while:if:nor                                 mgc_nor_1_2                                                                                 0.6000  9.9800  
        top_level:FIR_FILTER/while:if:nor.ovfl.sva#1                                                                                                                  0.0000  9.9800  
        top_level:FIR_FILTER/while:if:exs                                                                                                                             0.0000  9.9800  
        top_level:FIR_FILTER/while:if:exs.itm                                                                                                                         0.0000  9.9800  
        top_level:FIR_FILTER/while:if:nor#3                               mgc_nor_22_2                                                                                0.0000  9.9800  
        top_level:FIR_FILTER/while:if:nor#3.itm                                                                                                                       0.0000  9.9800  
        top_level:FIR_FILTER/while:if:while:if:nor#1                      mgc_nor_22_2                                                                                0.6000  10.5800 
        top_level:FIR_FILTER/while:if:while:if:nor#1.itm                                                                                                              0.0000  10.5800 
        top_level:FIR_FILTER/reg(while:if:while:if:nor#3)                 mgc_reg_pos_22_0_0_0_0_1_1                                                                  0.0000  10.5800 
                                                                                                                                                                                      
      10                                                                  top_level:FIR_FILTER/reg(MAC-1:mul.itm.1) top_level:FIR_FILTER/reg(while:if:while:if:nor#3) 10.5800 -0.5800 
                                                                                                                                                                                      
        Instance                                                          Component                                                                                   Delta   Delay   
        --------                                                          ---------                                                                                   -----   -----   
        top_level:FIR_FILTER/reg(MAC-1:mul.itm.1)                         mgc_reg_pos_48_0_0_0_0_0_0                                                                  0.4700  0.4700  
        top_level:FIR_FILTER/MAC-1:mul.itm.1                                                                                                                          0.0000  0.4700  
        top_level:FIR_FILTER/MAC:acc                                      mgc_addc_48_1_48_1_49                                                                       2.2950  2.7650  
        top_level:FIR_FILTER/MAC:acc.itm                                                                                                                              0.0000  2.7650  
        top_level:FIR_FILTER/MAC-2:acc#1                                  mgc_addc_52_0_49_1_52                                                                       2.3950  5.1600  
        top_level:FIR_FILTER/acc#1.sva#2                                                                                                                              0.0000  5.1600  
        top_level:FIR_FILTER/acc:static_init:slc(acc#1.sva#2)(16)                                                                                                     0.0000  5.1600  
        top_level:FIR_FILTER/acc:static_init:slc(acc#1.sva#2)(16).itm                                                                                                 0.0000  5.1600  
        top_level:FIR_FILTER/while:if:or                                  mgc_or_1_23                                                                                 1.2000  6.3600  
        top_level:FIR_FILTER/while:if:or.itm                                                                                                                          0.0000  6.3600  
        top_level:FIR_FILTER/while:if:and                                 mgc_and_1_2                                                                                 0.6000  6.9600  
        top_level:FIR_FILTER/while:if:and.itm                                                                                                                         0.0000  6.9600  
        top_level:FIR_FILTER/while:if:acc                                 mgc_addc_29_1_1_0_30                                                                        1.8200  8.7800  
        top_level:FIR_FILTER/while:if:acc.sat.sva#1                                                                                                                   0.0000  8.7800  
        top_level:FIR_FILTER/while:if:slc(while:if:acc.sat.sva#1)(27)                                                                                                 0.0000  8.7800  
        top_level:FIR_FILTER/while:if:slc(while:if:acc.sat.sva#1)(27).itm                                                                                             0.0000  8.7800  
        top_level:FIR_FILTER/while:if:nor#1                               mgc_nor_1_6                                                                                 0.6000  9.3800  
        top_level:FIR_FILTER/while:if:nor#1.itm                                                                                                                       0.0000  9.3800  
        top_level:FIR_FILTER/while:if:nor                                 mgc_nor_1_2                                                                                 0.6000  9.9800  
        top_level:FIR_FILTER/while:if:nor.ovfl.sva#1                                                                                                                  0.0000  9.9800  
        top_level:FIR_FILTER/while:if:exs                                                                                                                             0.0000  9.9800  
        top_level:FIR_FILTER/while:if:exs.itm                                                                                                                         0.0000  9.9800  
        top_level:FIR_FILTER/while:if:nor#3                               mgc_nor_22_2                                                                                0.0000  9.9800  
        top_level:FIR_FILTER/while:if:nor#3.itm                                                                                                                       0.0000  9.9800  
        top_level:FIR_FILTER/while:if:while:if:nor#1                      mgc_nor_22_2                                                                                0.6000  10.5800 
        top_level:FIR_FILTER/while:if:while:if:nor#1.itm                                                                                                              0.0000  10.5800 
        top_level:FIR_FILTER/reg(while:if:while:if:nor#3)                 mgc_reg_pos_22_0_0_0_0_1_1                                                                  0.0000  10.5800 
                                                                                                                                                                                      
      
    Register Input and Register-to-Output Slack
      Clock period or pin-to-reg delay constraint (clk): 10.0
      Clock uncertainty constraint (clk)               : 0.0
      
      Instance                                                       Port                                                    Slack (Delay) Messages                
      -------------------------------------------------------------- ----------------------------------------------------- ------- ------- -----------------------
      top_level:FIR_FILTER/reg(valid_out)                            while:aelse:while:aelse:while:aelse:valid_out:not.itm  8.9300  1.0700                         
      top_level:FIR_FILTER/reg(while:if:slc(while:if:acc.sat)(29)#3) while:if:slc(while:if:acc.sat.sva#1)(29).itm           1.2200  8.7800                         
      top_level:FIR_FILTER/reg(while:if:while:if:nor#3)              while:if:while:if:nor#1.itm                           -0.5800 10.5800 (clock period exceeded) 
      top_level:FIR_FILTER/reg(while:if:while:if:nor#4)              while:if:while:if:nor#2.itm                           -0.5800 10.5800 (clock period exceeded) 
      top_level:FIR_FILTER/reg(MAC:i:slc(MAC:i(4:1))(3)#1.itm.2)     MAC:i:slc(MAC:i(4:1))(3)#1.itm.1                       9.5300  0.4700                         
      top_level:FIR_FILTER/reg(MAC-1:mul.itm.1)                      MAC-1:mul.itm                                          3.5528  6.4472                         
      top_level:FIR_FILTER/reg(MAC-2:mul.itm.1)                      MAC-2:mul.itm                                          3.5528  6.4472                         
      top_level:FIR_FILTER/reg(while:while:and.itm.1)                while:while:and.itm                                    4.1100  5.8900                         
      top_level:FIR_FILTER/reg(while:else:land.lpi#1.dfm.st.2)       while:asn.sft.lpi#1.dfm.2                              8.2000  1.8000                         
      top_level:FIR_FILTER/reg(while:asn.sft.lpi#1.dfm.st.2)         while:asn.sft.lpi#1.dfm.st.1                           8.2000  1.8000                         
      top_level:FIR_FILTER/reg(new_sample__wr)                       while:mux.itm                                          8.2000  1.8000                         
      top_level:FIR_FILTER/reg(MAC:i(4:1).lpi#1(2:0))                MAC:i:slc(MAC:i(4:1).sva#2)(2-0).itm                   7.1600  2.8400                         
      top_level:FIR_FILTER/reg(while:asn.sft.lpi#1.dfm.st.1)         while:asn.sft.lpi#1.dfm.st.1:mx0                       8.2000  1.8000                         
      top_level:FIR_FILTER/reg(exitL:exit:MAC.lpi#1.dfm)             exitL:exit:MAC.lpi#1.dfm#1                             6.5600  3.4400                         
      top_level:FIR_FILTER/reg(exitL:exitL:exit:MAC)                 exitL:exit:MAC.lpi#1.dfm#1                             6.5600  3.4400                         
      top_level:FIR_FILTER/reg(while.stage_0.2)                      1#9                                                   10.0000  0.0000                         
      top_level:FIR_FILTER/reg(while.stage_0.3)                      while.stage_0.2                                        8.2000  1.8000                         
      top_level:FIR_FILTER/reg(acc#1)                                acc#1.lpi#1:mx0                                        4.1100  5.8900                         
      top_level:FIR_FILTER/reg(while:asn.sft.lpi#1.dfm.2)            while:mux#2.itm                                        8.2000  1.8000                         
      top_level:FIR_FILTER/reg(lfst:exitL:exit:MAC.lpi#1.dfm.1)      nor.cse                                                5.5300  4.4700                         
      top_level:FIR_FILTER/reg(MAC:mux1h.itm.1)                      MAC:mux1h#3.itm                                        6.1300  3.8700                         
      top_level:FIR_FILTER/reg(MAC:mux1h#3.itm.1)                    MAC:mux1h#5.itm                                        5.5300  4.4700                         
      top_level:FIR_FILTER/reg(MAC:mux1h#1.itm.1)                    MAC:mux1h#7.itm                                        6.1300  3.8700                         
      top_level:FIR_FILTER/reg(MAC:mux1h#2.itm.1)                    MAC:mux1h#9.itm                                        5.5300  4.4700                         
      top_level:FIR_FILTER/reg(MAC:i:slc(MAC:i(4:1))(3)#1.itm.1)     MAC:i:slc(MAC:i(4:1).sva#2)(3)#1.itm                   7.1600  2.8400                         
      top_level:FIR_FILTER/reg(taps(0))                              data_in                                                8.4000  1.6000                         
      top_level:FIR_FILTER/reg(taps(1))                              taps(0).sva                                            7.9300  2.0700                         
      top_level:FIR_FILTER/reg(taps(3))                              taps(2).sva                                            7.9300  2.0700                         
      top_level:FIR_FILTER/reg(taps(5))                              taps(4).sva                                            7.9300  2.0700                         
      top_level:FIR_FILTER/reg(taps(7))                              taps(6).sva                                            7.9300  2.0700                         
      top_level:FIR_FILTER/reg(taps(9))                              taps(8).sva                                            7.9300  2.0700                         
      top_level:FIR_FILTER/reg(taps(11))                             taps(10).sva                                           7.9300  2.0700                         
      top_level:FIR_FILTER/reg(taps(13))                             taps(12).sva                                           7.9300  2.0700                         
      top_level:FIR_FILTER/reg(taps(15).lpi#1.dfm#1)                 taps(14).sva                                           7.9300  2.0700                         
      top_level:FIR_FILTER/reg(taps(2))                              taps(1).sva                                            7.9300  2.0700                         
      top_level:FIR_FILTER/reg(taps(4))                              taps(3).sva                                            7.9300  2.0700                         
      top_level:FIR_FILTER/reg(taps(6))                              taps(5).sva                                            7.9300  2.0700                         
      top_level:FIR_FILTER/reg(taps(8))                              taps(7).sva                                            7.9300  2.0700                         
      top_level:FIR_FILTER/reg(taps(10))                             taps(9).sva                                            7.9300  2.0700                         
      top_level:FIR_FILTER/reg(taps(12))                             taps(11).sva                                           7.9300  2.0700                         
      top_level:FIR_FILTER/reg(taps(14))                             taps(13).sva                                           7.9300  2.0700                         
      top_level                                                      data_out                                               9.5300  0.4700                         
      top_level                                                      valid_out                                              9.5300  0.4700                         
      
  Operator Bitwidth Summary
    Operation Size (bits) Count 
    --------- ----------- -----
    add                         
    -                  52     1 
    -                  49     1 
    -                   4     1 
    -                  30     1 
    and                         
    -                  52     1 
    -                   3     1 
    -                   1    16 
    mul                         
    -                  48     2 
    mux                         
    -                  52     1 
    -                   1     5 
    mux1h                       
    -                  24     4 
    nand                        
    -                   1     4 
    nor                         
    -                  22     2 
    -                   1     9 
    not                         
    -                   1    33 
    or                          
    -                   1     7 
    reg                         
    -                  52     2 
    -                  48     2 
    -                   3     1 
    -                  24    20 
    -                  22     1 
    -                   1    15 
    
  End of Report
